#
# There is insufficient memory for the Java Runtime Environment to continue.
# Native memory allocation (malloc) failed to allocate 417936 bytes for Chunk::new
# Possible reasons:
#   The system is out of physical RAM or swap space
#   In 32 bit mode, the process size limit was hit
# Possible solutions:
#   Reduce memory load on the system
#   Increase physical memory or swap space
#   Check if swap backing store is full
#   Use 64 bit Java on a 64 bit OS
#   Decrease Java heap size (-Xmx/-Xms)
#   Decrease number of Java threads
#   Decrease Java thread stack sizes (-Xss)
#   Set larger code cache with -XX:ReservedCodeCacheSize=
# This output file may be truncated or incomplete.
#
#  Out of Memory Error (allocation.cpp:390), pid=10700, tid=6968
#
# JRE version: Java(TM) SE Runtime Environment (8.0_60-b27) (build 1.8.0_60-b27)
# Java VM: Java HotSpot(TM) 64-Bit Server VM (25.60-b23 mixed mode windows-amd64 compressed oops)
# Failed to write core dump. Minidumps are not enabled by default on client versions of Windows
#

---------------  T H R E A D  ---------------

Current thread (0x0000000014fc9800):  JavaThread "C2 CompilerThread0" daemon [_thread_in_native, id=6968, stack(0x0000000016010000,0x0000000016110000)]

Stack: [0x0000000016010000,0x0000000016110000]
[error occurred during error reporting (printing stack bounds), id 0xc0000005]

Native frames: (J=compiled Java code, j=interpreted, Vv=VM code, C=native code)


Current CompileTask:
C2:   2665  807       4       com.android.dx.ssa.SsaBasicBlock::forEachInsn (37 bytes)


---------------  P R O C E S S  ---------------

Java Threads: ( => current thread )
  0x000000001660e800 JavaThread "pool-1-thread-4" [_thread_in_Java, id=6912, stack(0x0000000016c10000,0x0000000016d10000)]
  0x000000001660b800 JavaThread "pool-1-thread-3" [_thread_in_vm, id=10192, stack(0x0000000016b10000,0x0000000016c10000)]
  0x000000001660a800 JavaThread "pool-1-thread-2" [_thread_in_Java, id=4740, stack(0x0000000016a10000,0x0000000016b10000)]
  0x0000000016551800 JavaThread "pool-2-thread-1" [_thread_blocked, id=3256, stack(0x0000000016910000,0x0000000016a10000)]
  0x000000001654e800 JavaThread "pool-1-thread-1" [_thread_in_Java, id=9184, stack(0x0000000016810000,0x0000000016910000)]
  0x000000001502a800 JavaThread "Service Thread" daemon [_thread_blocked, id=10592, stack(0x0000000016210000,0x0000000016310000)]
  0x0000000015024000 JavaThread "C1 CompilerThread1" daemon [_thread_in_native, id=4544, stack(0x0000000016110000,0x0000000016210000)]
=>0x0000000014fc9800 JavaThread "C2 CompilerThread0" daemon [_thread_in_native, id=6968, stack(0x0000000016010000,0x0000000016110000)]
  0x0000000014fc7800 JavaThread "Attach Listener" daemon [_thread_blocked, id=11172, stack(0x0000000015f10000,0x0000000016010000)]
  0x0000000002b3e000 JavaThread "Signal Dispatcher" daemon [_thread_blocked, id=9536, stack(0x0000000015e10000,0x0000000015f10000)]
  0x0000000002b2d800 JavaThread "Finalizer" daemon [_thread_blocked, id=6508, stack(0x0000000015c10000,0x0000000015d10000)]
  0x0000000002b2a800 JavaThread "Reference Handler" daemon [_thread_blocked, id=9568, stack(0x0000000015b10000,0x0000000015c10000)]
  0x0000000002a40800 JavaThread "main" [_thread_in_vm, id=5300, stack(0x0000000002940000,0x0000000002a40000)]

Other Threads:
  0x0000000014f96000 VMThread [stack: 0x0000000015a10000,0x0000000015b10000] [id=5716]
  0x000000001503e800 WatcherThread [stack: 0x0000000016310000,0x0000000016410000] [id=8584]

VM state:not at safepoint (normal execution)

VM Mutex/Monitor currently owned by a thread: None

Heap:
 PSYoungGen      total 27648K, used 18815K [0x00000000eab00000, 0x00000000ec980000, 0x0000000100000000)
  eden space 24064K, 78% used [0x00000000eab00000,0x00000000ebd5ff28,0x00000000ec280000)
  from space 3584K, 0% used [0x00000000ec600000,0x00000000ec600000,0x00000000ec980000)
  to   space 3584K, 0% used [0x00000000ec280000,0x00000000ec280000,0x00000000ec600000)
 ParOldGen       total 62976K, used 0K [0x00000000c0000000, 0x00000000c3d80000, 0x00000000eab00000)
  object space 62976K, 0% used [0x00000000c0000000,0x00000000c0000000,0x00000000c3d80000)
 Metaspace       used 5707K, capacity 6768K, committed 7040K, reserved 1056768K
  class space    used 589K, capacity 616K, committed 640K, reserved 1048576K

Card table byte_map: [0x0000000011f00000,0x0000000012110000] byte_map_base: 0x0000000011900000

Marking Bits: (ParMarkBitMap*) 0x000000006205a5b0
 Begin Bits: [0x0000000012470000, 0x0000000013470000)
 End Bits:   [0x0000000013470000, 0x0000000014470000)

Polling page: 0x0000000000dd0000

CodeCache: size=245760Kb used=3543Kb max_used=3543Kb free=242216Kb
 bounds [0x0000000002b40000, 0x0000000002ec0000, 0x0000000011b40000]
 total_blobs=1072 nmethods=810 adapters=176
 compilation: enabled

Compilation events (10 events):
Event: 2.649 Thread 0x0000000015024000 nmethod 830 0x0000000002eae650 code [0x0000000002eae7c0, 0x0000000002eaeb08]
Event: 2.649 Thread 0x0000000015024000  833       1       com.android.dx.rop.cst.TypedConstant::isConstant (2 bytes)
Event: 2.649 Thread 0x0000000015024000 nmethod 833 0x0000000002ea2a90 code [0x0000000002ea2be0, 0x0000000002ea2cf0]
Event: 2.649 Thread 0x0000000015024000  810       3       com.android.dx.ssa.SsaRenamer$BlockRenamer::visitMoveInsn (271 bytes)
Event: 2.658 Thread 0x0000000015024000 nmethod 810 0x0000000002eaec90 code [0x0000000002eaf120, 0x0000000002eb2248]
Event: 2.658 Thread 0x0000000015024000  811       3       com.android.dx.ssa.SsaRenamer::access$500 (6 bytes)
Event: 2.659 Thread 0x0000000015024000 nmethod 811 0x0000000002eb4450 code [0x0000000002eb4600, 0x0000000002eb4b98]
Event: 2.659 Thread 0x0000000015024000  812       3       com.android.dx.ssa.SsaRenamer::getLocalForNewReg (25 bytes)
Event: 2.660 Thread 0x0000000015024000 nmethod 812 0x0000000002eb5010 code [0x0000000002eb51c0, 0x0000000002eb56f8]
Event: 2.660 Thread 0x0000000015024000  813       3       com.android.dx.ssa.SsaRenamer::access$600 (6 bytes)

GC Heap History (0 events):
No events

Deoptimization events (1 events):
Event: 1.869 Thread 0x000000001660b800 Uncommon trap: reason=unstable_if action=reinterpret pc=0x0000000002d7c8dc method=java.util.HashMap.getNode(ILjava/lang/Object;)Ljava/util/HashMap$Node; @ 129

Internal exceptions (2 events):
Event: 0.059 Thread 0x0000000002a40800 Exception <a 'java/lang/NoSuchMethodError': Method sun.misc.Unsafe.defineClass(Ljava/lang/String;[BII)Ljava/lang/Class; name or signature does not match> (0x00000000eab0d410) thrown at [C:\re\workspace\8-2-build-windows-amd64-cygwin\jdk8u60\4407\hotspot\sr„é
Event: 0.059 Thread 0x0000000002a40800 Exception <a 'java/lang/NoSuchMethodError': Method sun.misc.Unsafe.prefetchRead(Ljava/lang/Object;J)V name or signature does not match> (0x00000000eab0d6f8) thrown at [C:\re\workspace\8-2-build-windows-amd64-cygwin\jdk8u60\4407\hotspot\src\share\vm\prims\j

Events (10 events):
Event: 2.351 loading class com/android/dx/ssa/back/FirstFitLocalCombiningAllocator$Multiset
Event: 2.351 loading class com/android/dx/ssa/back/FirstFitLocalCombiningAllocator$Multiset done
Event: 2.355 loading class java/util/DualPivotQuicksort
Event: 2.355 loading class java/util/DualPivotQuicksort done
Event: 2.382 loading class com/android/dx/cf/code/Ropper$ExceptionHandlerSetup
Event: 2.382 loading class com/android/dx/cf/code/Ropper$ExceptionHandlerSetup done
Event: 2.387 loading class java/util/HashMap$Values
Event: 2.387 loading class java/util/HashMap$Values done
Event: 2.387 loading class java/util/HashMap$ValueIterator
Event: 2.387 loading class java/util/HashMap$ValueIterator done


Dynamic libraries:
0x00007ff78fea0000 - 0x00007ff78fed7000 	C:\Program Files\Java\jdk1.8.0_60\bin\java.exe
0x00007ffb68a80000 - 0x00007ffb68c41000 	C:\WINDOWS\SYSTEM32\ntdll.dll
0x00007ffb66130000 - 0x00007ffb661dd000 	C:\WINDOWS\system32\KERNEL32.DLL
0x00007ffb65470000 - 0x00007ffb65658000 	C:\WINDOWS\system32\KERNELBASE.dll
0x00007ffb67250000 - 0x00007ffb672f7000 	C:\WINDOWS\system32\ADVAPI32.dll
0x00007ffb664b0000 - 0x00007ffb6654d000 	C:\WINDOWS\system32\msvcrt.dll
0x00007ffb67300000 - 0x00007ffb6735b000 	C:\WINDOWS\system32\sechost.dll
0x00007ffb670d0000 - 0x00007ffb671ec000 	C:\WINDOWS\system32\RPCRT4.dll
0x00007ffb68920000 - 0x00007ffb68a76000 	C:\WINDOWS\system32\USER32.dll
0x00007ffb66320000 - 0x00007ffb664a6000 	C:\WINDOWS\system32\GDI32.dll
0x00007ffb59c10000 - 0x00007ffb59e84000 	C:\WINDOWS\WinSxS\amd64_microsoft.windows.common-controls_6595b64144ccf1df_6.0.10586.589_none_a2ddb3caa539acce\COMCTL32.dll
0x00007ffb669b0000 - 0x00007ffb66c2d000 	C:\WINDOWS\system32\combase.dll
0x00007ffb65660000 - 0x00007ffb656ca000 	C:\WINDOWS\system32\bcryptPrimitives.dll
0x00007ffb65f90000 - 0x00007ffb65fcb000 	C:\WINDOWS\system32\IMM32.DLL
0x00000000620e0000 - 0x00000000621b2000 	C:\Program Files\Java\jdk1.8.0_60\jre\bin\msvcr100.dll
0x0000000061850000 - 0x00000000620d9000 	C:\Program Files\Java\jdk1.8.0_60\jre\bin\server\jvm.dll
0x00007ffb666b0000 - 0x00007ffb666b8000 	C:\WINDOWS\system32\PSAPI.DLL
0x00007ffb572c0000 - 0x00007ffb572c9000 	C:\WINDOWS\SYSTEM32\WSOCK32.dll
0x00007ffb662b0000 - 0x00007ffb6631b000 	C:\WINDOWS\system32\WS2_32.dll
0x00007ffb636c0000 - 0x00007ffb636e3000 	C:\WINDOWS\SYSTEM32\WINMM.dll
0x00007ffb57f00000 - 0x00007ffb57f0a000 	C:\WINDOWS\SYSTEM32\VERSION.dll
0x00007ffb632c0000 - 0x00007ffb632ec000 	C:\WINDOWS\SYSTEM32\WINMMBASE.dll
0x00007ffb65780000 - 0x00007ffb657c3000 	C:\WINDOWS\system32\cfgmgr32.dll
0x0000000061840000 - 0x000000006184f000 	C:\Program Files\Java\jdk1.8.0_60\jre\bin\verify.dll
0x0000000061810000 - 0x0000000061839000 	C:\Program Files\Java\jdk1.8.0_60\jre\bin\java.dll
0x00000000617f0000 - 0x0000000061806000 	C:\Program Files\Java\jdk1.8.0_60\jre\bin\zip.dll
0x00007ffb67360000 - 0x00007ffb688bc000 	C:\WINDOWS\system32\SHELL32.dll
0x00007ffb657d0000 - 0x00007ffb65e15000 	C:\WINDOWS\system32\windows.storage.dll
0x00007ffb66c30000 - 0x00007ffb66c82000 	C:\WINDOWS\system32\shlwapi.dll
0x00007ffb65120000 - 0x00007ffb6512f000 	C:\WINDOWS\system32\kernel.appcore.dll
0x00007ffb65300000 - 0x00007ffb653b5000 	C:\WINDOWS\system32\shcore.dll
0x00007ffb650c0000 - 0x00007ffb6510b000 	C:\WINDOWS\system32\powrprof.dll
0x00007ffb650a0000 - 0x00007ffb650b4000 	C:\WINDOWS\system32\profapi.dll

VM Arguments:
jvm_args: -Djava.awt.headless=true -Xmx1024M -Dfile.encoding=windows-1252 -Duser.country=CO -Duser.language=es -Duser.variant 
java_command: com.android.dx.command.Main --dex --num-threads=4 --output C:\Users\gary\Downloads\Lab4FCM\app\build\intermediates\pre-dexed\release\com.android.support-support-fragment-24.2.1_d2a1a74233280d16bad91dfc01305abaa33867cc.jar C:\Users\gary\Downloads\Lab4FCM\app\build\intermediates\exploded-aar\com.android.support\support-fragment\24.2.1\jars\classes.jar
java_class_path (initial): C:\Users\gary\AppData\Local\Android\sdk\build-tools\24.0.2\lib\dx.jar
Launcher Type: SUN_STANDARD

Environment Variables:
PATH=C:\oraclexe\app\oracle\product\11.2.0\server\bin;C:\ProgramData\Oracle\Java\javapath;C:\WINDOWS\system32;C:\WINDOWS;C:\WINDOWS\System32\Wbem;C:\WINDOWS\System32\WindowsPowerShell\v1.0\;C:\Program Files (x86)\ChucK\/bin;C:\Program Files (x86)\MySQL\MySQL Fabric 1.5 & MySQL Utilities 1.5\;C:\Program Files (x86)\MySQL\MySQL Fabric 1.5 & MySQL Utilities 1.5\Doctrine extensions for PHP\;C:\Program Files\Git\cmd;
USERNAME=gary
OS=Windows_NT
PROCESSOR_IDENTIFIER=Intel64 Family 6 Model 42 Stepping 7, GenuineIntel



---------------  S Y S T E M  ---------------

OS: Windows 10.0 , 64 bit Build 10586 (10.0.10586.589)

CPU:total 2 (2 cores per cpu, 1 threads per core) family 6 model 42 stepping 7, cmov, cx8, fxsr, mmx, sse, sse2, sse3, ssse3, sse4.1, sse4.2, popcnt, clmul, tsc, tscinvbit

Memory: 4k page, physical 5983780k(781204k free), swap 8681884k(4348k free)

vm_info: Java HotSpot(TM) 64-Bit Server VM (25.60-b23) for windows-amd64 JRE (1.8.0_60-b27), built on Aug  4 2015 11:06:27 by "java_re" with MS VC++ 10.0 (VS2010)

time: Tue Oct 18 11:35:25 2016
elapsed time: 2 seconds (0d 0h 0m 2s)

