#
# There is insufficient memory for the Java Runtime Environment to continue.
# Native memory allocation (malloc) failed to allocate 32744 bytes for ChunkPool::allocate
# Possible reasons:
#   The system is out of physical RAM or swap space
#   In 32 bit mode, the process size limit was hit
# Possible solutions:
#   Reduce memory load on the system
#   Increase physical memory or swap space
#   Check if swap backing store is full
#   Use 64 bit Java on a 64 bit OS
#   Decrease Java heap size (-Xmx/-Xms)
#   Decrease number of Java threads
#   Decrease Java thread stack sizes (-Xss)
#   Set larger code cache with -XX:ReservedCodeCacheSize=
# This output file may be truncated or incomplete.
#
#  Out of Memory Error (allocation.cpp:273), pid=9280, tid=4740
#
# JRE version: Java(TM) SE Runtime Environment (8.0_60-b27) (build 1.8.0_60-b27)
# Java VM: Java HotSpot(TM) 64-Bit Server VM (25.60-b23 mixed mode windows-amd64 compressed oops)
# Failed to write core dump. Minidumps are not enabled by default on client versions of Windows
#

---------------  T H R E A D  ---------------

Current thread (0x0000000015659800):  JavaThread "C2 CompilerThread0" daemon [_thread_in_native, id=4740, stack(0x0000000016690000,0x0000000016790000)]

Stack: [0x0000000016690000,0x0000000016790000]
[error occurred during error reporting (printing stack bounds), id 0xc0000005]

Native frames: (J=compiled Java code, j=interpreted, Vv=VM code, C=native code)


Current CompileTask:
C2:   8546 1773   !   4       com.android.dx.cf.code.Ropper::processBlock (1101 bytes)


---------------  P R O C E S S  ---------------

Java Threads: ( => current thread )
  0x0000000016c9f000 JavaThread "pool-1-thread-4" [_thread_in_Java, id=6956, stack(0x0000000017290000,0x0000000017390000)]
  0x0000000016c9e000 JavaThread "pool-1-thread-3" [_thread_in_Java, id=3692, stack(0x0000000017190000,0x0000000017290000)]
  0x0000000016c9d800 JavaThread "pool-1-thread-2" [_thread_blocked, id=7880, stack(0x0000000017090000,0x0000000017190000)]
  0x0000000016c9c800 JavaThread "pool-2-thread-1" [_thread_blocked, id=5340, stack(0x0000000016f90000,0x0000000017090000)]
  0x0000000016c99000 JavaThread "pool-1-thread-1" [_thread_in_Java, id=7772, stack(0x0000000016e90000,0x0000000016f90000)]
  0x00000000156ba800 JavaThread "Service Thread" daemon [_thread_blocked, id=6912, stack(0x0000000016890000,0x0000000016990000)]
  0x00000000156b4000 JavaThread "C1 CompilerThread1" daemon [_thread_blocked, id=10192, stack(0x0000000016790000,0x0000000016890000)]
=>0x0000000015659800 JavaThread "C2 CompilerThread0" daemon [_thread_in_native, id=4740, stack(0x0000000016690000,0x0000000016790000)]
  0x0000000015657800 JavaThread "Attach Listener" daemon [_thread_blocked, id=3456, stack(0x0000000016590000,0x0000000016690000)]
  0x0000000015654000 JavaThread "Signal Dispatcher" daemon [_thread_blocked, id=3256, stack(0x0000000016490000,0x0000000016590000)]
  0x00000000031bd800 JavaThread "Finalizer" daemon [_thread_blocked, id=9184, stack(0x0000000016290000,0x0000000016390000)]
  0x00000000031ba800 JavaThread "Reference Handler" daemon [_thread_blocked, id=10912, stack(0x0000000016190000,0x0000000016290000)]
  0x00000000030d0800 JavaThread "main" [_thread_in_Java, id=3404, stack(0x0000000002ed0000,0x0000000002fd0000)]

Other Threads:
  0x0000000015626000 VMThread [stack: 0x0000000016090000,0x0000000016190000] [id=8584]
  0x00000000156bf800 WatcherThread [stack: 0x0000000016990000,0x0000000016a90000] [id=9108]

VM state:not at safepoint (normal execution)

VM Mutex/Monitor currently owned by a thread: None

Heap:
 PSYoungGen      total 51712K, used 43501K [0x00000000eab00000, 0x00000000f1f00000, 0x0000000100000000)
  eden space 48128K, 83% used [0x00000000eab00000,0x00000000ed203690,0x00000000eda00000)
  from space 3584K, 99% used [0x00000000eda00000,0x00000000edd78010,0x00000000edd80000)
  to   space 11264K, 0% used [0x00000000f1400000,0x00000000f1400000,0x00000000f1f00000)
 ParOldGen       total 62976K, used 17466K [0x00000000c0000000, 0x00000000c3d80000, 0x00000000eab00000)
  object space 62976K, 27% used [0x00000000c0000000,0x00000000c110ead0,0x00000000c3d80000)
 Metaspace       used 6376K, capacity 7152K, committed 7296K, reserved 1056768K
  class space    used 600K, capacity 616K, committed 640K, reserved 1048576K

Card table byte_map: [0x0000000012590000,0x00000000127a0000] byte_map_base: 0x0000000011f90000

Marking Bits: (ParMarkBitMap*) 0x000000006205a5b0
 Begin Bits: [0x0000000012b00000, 0x0000000013b00000)
 End Bits:   [0x0000000013b00000, 0x0000000014b00000)

Polling page: 0x0000000000ff0000

CodeCache: size=245760Kb used=7241Kb max_used=7241Kb free=238518Kb
 bounds [0x00000000031d0000, 0x00000000038f0000, 0x00000000121d0000]
 total_blobs=2046 nmethods=1778 adapters=181
 compilation: enabled

Compilation events (10 events):
Event: 8.291 Thread 0x00000000156b4000 1816   !   2       java.util.concurrent.LinkedBlockingQueue::offer (130 bytes)
Event: 8.292 Thread 0x00000000156b4000 nmethod 1816 0x00000000038e4a10 code [0x00000000038e4c20, 0x00000000038e52c8]
Event: 8.296 Thread 0x00000000156b4000 1817   !   2       java.util.concurrent.ArrayBlockingQueue::offer (55 bytes)
Event: 8.297 Thread 0x00000000156b4000 nmethod 1817 0x00000000038e5b50 code [0x00000000038e5d00, 0x00000000038e6038]
Event: 8.297 Thread 0x00000000156b4000 1818       2       java.util.concurrent.locks.ReentrantLock$FairSync::lock (6 bytes)
Event: 8.298 Thread 0x00000000156b4000 nmethod 1818 0x00000000038e6390 code [0x00000000038e6520, 0x00000000038e6738]
Event: 8.312 Thread 0x00000000156b4000 1820       2       com.android.dx.command.dexer.Main$ClassTranslatorTask::call (5 bytes)
Event: 8.312 Thread 0x00000000156b4000 nmethod 1820 0x00000000038e6890 code [0x00000000038e6a00, 0x00000000038e6b88]
Event: 8.312 Thread 0x00000000156b4000 1821   !   2       com.android.dx.dex.cf.CfTranslator::translate (44 bytes)
Event: 8.313 Thread 0x00000000156b4000 nmethod 1821 0x00000000038e6c50 code [0x00000000038e6e00, 0x00000000038e7188]

GC Heap History (10 events):
Event: 3.341 GC heap before
{Heap before GC invocations=1 (full 0):
 PSYoungGen      total 27648K, used 24064K [0x00000000eab00000, 0x00000000ec980000, 0x0000000100000000)
  eden space 24064K, 100% used [0x00000000eab00000,0x00000000ec280000,0x00000000ec280000)
  from space 3584K, 0% used [0x00000000ec600000,0x00000000ec600000,0x00000000ec980000)
  to   space 3584K, 0% used [0x00000000ec280000,0x00000000ec280000,0x00000000ec600000)
 ParOldGen       total 62976K, used 0K [0x00000000c0000000, 0x00000000c3d80000, 0x00000000eab00000)
  object space 62976K, 0% used [0x00000000c0000000,0x00000000c0000000,0x00000000c3d80000)
 Metaspace       used 5900K, capacity 6832K, committed 7040K, reserved 1056768K
  class space    used 598K, capacity 616K, committed 640K, reserved 1048576K
Event: 3.366 GC heap after
Heap after GC invocations=1 (full 0):
 PSYoungGen      total 27648K, used 3579K [0x00000000eab00000, 0x00000000ec980000, 0x0000000100000000)
  eden space 24064K, 0% used [0x00000000eab00000,0x00000000eab00000,0x00000000ec280000)
  from space 3584K, 99% used [0x00000000ec280000,0x00000000ec5feda8,0x00000000ec600000)
  to   space 3584K, 0% used [0x00000000ec600000,0x00000000ec600000,0x00000000ec980000)
 ParOldGen       total 62976K, used 836K [0x00000000c0000000, 0x00000000c3d80000, 0x00000000eab00000)
  object space 62976K, 1% used [0x00000000c0000000,0x00000000c00d13b8,0x00000000c3d80000)
 Metaspace       used 5900K, capacity 6832K, committed 7040K, reserved 1056768K
  class space    used 598K, capacity 616K, committed 640K, reserved 1048576K
}
Event: 4.682 GC heap before
{Heap before GC invocations=2 (full 0):
 PSYoungGen      total 27648K, used 27643K [0x00000000eab00000, 0x00000000ec980000, 0x0000000100000000)
  eden space 24064K, 100% used [0x00000000eab00000,0x00000000ec280000,0x00000000ec280000)
  from space 3584K, 99% used [0x00000000ec280000,0x00000000ec5feda8,0x00000000ec600000)
  to   space 3584K, 0% used [0x00000000ec600000,0x00000000ec600000,0x00000000ec980000)
 ParOldGen       total 62976K, used 836K [0x00000000c0000000, 0x00000000c3d80000, 0x00000000eab00000)
  object space 62976K, 1% used [0x00000000c0000000,0x00000000c00d13b8,0x00000000c3d80000)
 Metaspace       used 6166K, capacity 7024K, committed 7296K, reserved 1056768K
  class space    used 598K, capacity 616K, committed 640K, reserved 1048576K
Event: 4.719 GC heap after
Heap after GC invocations=2 (full 0):
 PSYoungGen      total 27648K, used 3559K [0x00000000eab00000, 0x00000000ee100000, 0x0000000100000000)
  eden space 24064K, 0% used [0x00000000eab00000,0x00000000eab00000,0x00000000ec280000)
  from space 3584K, 99% used [0x00000000ec600000,0x00000000ec979c78,0x00000000ec980000)
  to   space 3584K, 0% used [0x00000000ec280000,0x00000000ec280000,0x00000000ec600000)
 ParOldGen       total 62976K, used 3404K [0x00000000c0000000, 0x00000000c3d80000, 0x00000000eab00000)
  object space 62976K, 5% used [0x00000000c0000000,0x00000000c0353238,0x00000000c3d80000)
 Metaspace       used 6166K, capacity 7024K, committed 7296K, reserved 1056768K
  class space    used 598K, capacity 616K, committed 640K, reserved 1048576K
}
Event: 5.314 GC heap before
{Heap before GC invocations=3 (full 0):
 PSYoungGen      total 27648K, used 27623K [0x00000000eab00000, 0x00000000ee100000, 0x0000000100000000)
  eden space 24064K, 100% used [0x00000000eab00000,0x00000000ec280000,0x00000000ec280000)
  from space 3584K, 99% used [0x00000000ec600000,0x00000000ec979c78,0x00000000ec980000)
  to   space 3584K, 0% used [0x00000000ec280000,0x00000000ec280000,0x00000000ec600000)
 ParOldGen       total 62976K, used 3404K [0x00000000c0000000, 0x00000000c3d80000, 0x00000000eab00000)
  object space 62976K, 5% used [0x00000000c0000000,0x00000000c0353238,0x00000000c3d80000)
 Metaspace       used 6219K, capacity 7088K, committed 7296K, reserved 1056768K
  class space    used 599K, capacity 616K, committed 640K, reserved 1048576K
Event: 5.338 GC heap after
Heap after GC invocations=3 (full 0):
 PSYoungGen      total 27648K, used 3552K [0x00000000eab00000, 0x00000000ee100000, 0x0000000100000000)
  eden space 24064K, 0% used [0x00000000eab00000,0x00000000eab00000,0x00000000ec280000)
  from space 3584K, 99% used [0x00000000ec280000,0x00000000ec5f8010,0x00000000ec600000)
  to   space 3584K, 0% used [0x00000000edd80000,0x00000000edd80000,0x00000000ee100000)
 ParOldGen       total 62976K, used 6863K [0x00000000c0000000, 0x00000000c3d80000, 0x00000000eab00000)
  object space 62976K, 10% used [0x00000000c0000000,0x00000000c06b3eb8,0x00000000c3d80000)
 Metaspace       used 6219K, capacity 7088K, committed 7296K, reserved 1056768K
  class space    used 599K, capacity 616K, committed 640K, reserved 1048576K
}
Event: 5.777 GC heap before
{Heap before GC invocations=4 (full 0):
 PSYoungGen      total 27648K, used 27616K [0x00000000eab00000, 0x00000000ee100000, 0x0000000100000000)
  eden space 24064K, 100% used [0x00000000eab00000,0x00000000ec280000,0x00000000ec280000)
  from space 3584K, 99% used [0x00000000ec280000,0x00000000ec5f8010,0x00000000ec600000)
  to   space 3584K, 0% used [0x00000000edd80000,0x00000000edd80000,0x00000000ee100000)
 ParOldGen       total 62976K, used 6863K [0x00000000c0000000, 0x00000000c3d80000, 0x00000000eab00000)
  object space 62976K, 10% used [0x00000000c0000000,0x00000000c06b3eb8,0x00000000c3d80000)
 Metaspace       used 6258K, capacity 7088K, committed 7296K, reserved 1056768K
  class space    used 599K, capacity 616K, committed 640K, reserved 1048576K
Event: 5.843 GC heap after
Heap after GC invocations=4 (full 0):
 PSYoungGen      total 51712K, used 3571K [0x00000000eab00000, 0x00000000ee100000, 0x0000000100000000)
  eden space 48128K, 0% used [0x00000000eab00000,0x00000000eab00000,0x00000000eda00000)
  from space 3584K, 99% used [0x00000000edd80000,0x00000000ee0fcdf0,0x00000000ee100000)
  to   space 3584K, 0% used [0x00000000eda00000,0x00000000eda00000,0x00000000edd80000)
 ParOldGen       total 62976K, used 10345K [0x00000000c0000000, 0x00000000c3d80000, 0x00000000eab00000)
  object space 62976K, 16% used [0x00000000c0000000,0x00000000c0a1a7c0,0x00000000c3d80000)
 Metaspace       used 6258K, capacity 7088K, committed 7296K, reserved 1056768K
  class space    used 599K, capacity 616K, committed 640K, reserved 1048576K
}
Event: 6.839 GC heap before
{Heap before GC invocations=5 (full 0):
 PSYoungGen      total 51712K, used 51699K [0x00000000eab00000, 0x00000000ee100000, 0x0000000100000000)
  eden space 48128K, 100% used [0x00000000eab00000,0x00000000eda00000,0x00000000eda00000)
  from space 3584K, 99% used [0x00000000edd80000,0x00000000ee0fcdf0,0x00000000ee100000)
  to   space 3584K, 0% used [0x00000000eda00000,0x00000000eda00000,0x00000000edd80000)
 ParOldGen       total 62976K, used 10345K [0x00000000c0000000, 0x00000000c3d80000, 0x00000000eab00000)
  object space 62976K, 16% used [0x00000000c0000000,0x00000000c0a1a7c0,0x00000000c3d80000)
 Metaspace       used 6291K, capacity 7088K, committed 7296K, reserved 1056768K
  class space    used 599K, capacity 616K, committed 640K, reserved 1048576K
Event: 7.034 GC heap after
Heap after GC invocations=5 (full 0):
 PSYoungGen      total 51712K, used 3552K [0x00000000eab00000, 0x00000000f1f00000, 0x0000000100000000)
  eden space 48128K, 0% used [0x00000000eab00000,0x00000000eab00000,0x00000000eda00000)
  from space 3584K, 99% used [0x00000000eda00000,0x00000000edd78010,0x00000000edd80000)
  to   space 11264K, 0% used [0x00000000f1400000,0x00000000f1400000,0x00000000f1f00000)
 ParOldGen       total 62976K, used 17466K [0x00000000c0000000, 0x00000000c3d80000, 0x00000000eab00000)
  object space 62976K, 27% used [0x00000000c0000000,0x00000000c110ead0,0x00000000c3d80000)
 Metaspace       used 6291K, capacity 7088K, committed 7296K, reserved 1056768K
  class space    used 599K, capacity 616K, committed 640K, reserved 1048576K
}

Deoptimization events (10 events):
Event: 5.378 Thread 0x00000000030d0800 Uncommon trap: reason=unstable_if action=reinterpret pc=0x00000000037b4764 method=com.android.dx.ssa.SCCP.simulateBranch(Lcom/android/dx/ssa/SsaInsn;)V @ 548
Event: 5.579 Thread 0x00000000030d0800 Uncommon trap: reason=unstable_if action=reinterpret pc=0x0000000003483cf0 method=java.lang.String.<init>([CII)V @ 18
Event: 5.597 Thread 0x00000000030d0800 Uncommon trap: reason=unstable_if action=reinterpret pc=0x00000000033c1914 method=java.lang.String.<init>([CII)V @ 18
Event: 5.620 Thread 0x00000000030d0800 Uncommon trap: reason=unstable_if action=reinterpret pc=0x00000000037581a4 method=com.android.dx.ssa.SCCP.simulateStmt(Lcom/android/dx/ssa/SsaInsn;)V @ 53
Event: 5.635 Thread 0x00000000030d0800 Uncommon trap: reason=uninitialized action=reinterpret pc=0x00000000037122cc method=com.android.dx.cf.code.BytecodeArray.parseInstruction(ILcom/android/dx/cf/code/BytecodeArray$Visitor;)I @ 1031
Event: 5.674 Thread 0x00000000030d0800 Uncommon trap: reason=class_check action=maybe_recompile pc=0x000000000378e57c method=java.util.HashMap.putVal(ILjava/lang/Object;Ljava/lang/Object;ZZ)Ljava/lang/Object; @ 203
Event: 5.675 Thread 0x00000000030d0800 Uncommon trap: reason=class_check action=maybe_recompile pc=0x000000000378e57c method=java.util.HashMap.putVal(ILjava/lang/Object;Ljava/lang/Object;ZZ)Ljava/lang/Object; @ 203
Event: 5.853 Thread 0x0000000016c9f000 Uncommon trap: reason=unstable_if action=reinterpret pc=0x0000000003663a10 method=com.android.dx.ssa.SsaMethod.deleteInsns(Ljava/util/Set;)V @ 130
Event: 5.891 Thread 0x0000000016c99000 Uncommon trap: reason=class_check action=maybe_recompile pc=0x000000000378e57c method=java.util.HashMap.putVal(ILjava/lang/Object;Ljava/lang/Object;ZZ)Ljava/lang/Object; @ 203
Event: 6.732 Thread 0x0000000016c9e000 Uncommon trap: reason=unstable_if action=reinterpret pc=0x0000000003856c14 method=com.android.dx.ssa.MoveParamCombiner$1.visitNonMoveInsn(Lcom/android/dx/ssa/NormalSsaInsn;)V @ 27

Internal exceptions (3 events):
Event: 0.155 Thread 0x00000000030d0800 Exception <a 'java/lang/NoSuchMethodError': Method sun.misc.Unsafe.defineClass(Ljava/lang/String;[BII)Ljava/lang/Class; name or signature does not match> (0x00000000eab0d5b0) thrown at [C:\re\workspace\8-2-build-windows-amd64-cygwin\jdk8u60\4407\hotspot\srªã—u8”√?
Event: 0.155 Thread 0x00000000030d0800 Exception <a 'java/lang/NoSuchMethodError': Method sun.misc.Unsafe.prefetchRead(Ljava/lang/Object;J)V name or signature does not match> (0x00000000eab0d898) thrown at [C:\re\workspace\8-2-build-windows-amd64-cygwin\jdk8u60\4407\hotspot\src\share\vm\prims\jgç*ÌYW@
Event: 4.085 Thread 0x0000000016c99000 Implicit null exception at 0x00000000035431a2 to 0x0000000003543292

Events (10 events):
Event: 8.163 Thread 0x0000000016c9e000 DEOPT PACKING pc=0x000000000381e515 sp=0x000000001728e460
Event: 8.163 Thread 0x0000000016c9e000 DEOPT UNPACKING pc=0x000000000321747f sp=0x000000001728e240 mode 0
Event: 8.226 Thread 0x0000000016c9f000 DEOPT PACKING pc=0x000000000381e515 sp=0x000000001738e870
Event: 8.226 Thread 0x0000000016c9f000 DEOPT UNPACKING pc=0x000000000321747f sp=0x000000001738e650 mode 0
Event: 8.263 Thread 0x00000000030d0800 DEOPT PACKING pc=0x000000000381e515 sp=0x0000000002fcdf00
Event: 8.263 Thread 0x00000000030d0800 DEOPT UNPACKING pc=0x000000000321747f sp=0x0000000002fcdce0 mode 0
Event: 8.309 Thread 0x0000000016c9d800 DEOPT PACKING pc=0x000000000381e515 sp=0x000000001718ea10
Event: 8.309 Thread 0x0000000016c9d800 DEOPT UNPACKING pc=0x000000000321747f sp=0x000000001718e7f0 mode 0
Event: 8.330 Thread 0x0000000016c9d800 DEOPT PACKING pc=0x000000000381e515 sp=0x000000001718ebd0
Event: 8.330 Thread 0x0000000016c9d800 DEOPT UNPACKING pc=0x000000000321747f sp=0x000000001718e9b0 mode 0


Dynamic libraries:
0x00007ff78fea0000 - 0x00007ff78fed7000 	C:\Program Files\Java\jdk1.8.0_60\bin\java.exe
0x00007ffb68a80000 - 0x00007ffb68c41000 	C:\WINDOWS\SYSTEM32\ntdll.dll
0x00007ffb66130000 - 0x00007ffb661dd000 	C:\WINDOWS\system32\KERNEL32.DLL
0x00007ffb65470000 - 0x00007ffb65658000 	C:\WINDOWS\system32\KERNELBASE.dll
0x00007ffb67250000 - 0x00007ffb672f7000 	C:\WINDOWS\system32\ADVAPI32.dll
0x00007ffb664b0000 - 0x00007ffb6654d000 	C:\WINDOWS\system32\msvcrt.dll
0x00007ffb67300000 - 0x00007ffb6735b000 	C:\WINDOWS\system32\sechost.dll
0x00007ffb670d0000 - 0x00007ffb671ec000 	C:\WINDOWS\system32\RPCRT4.dll
0x00007ffb68920000 - 0x00007ffb68a76000 	C:\WINDOWS\system32\USER32.dll
0x00007ffb66320000 - 0x00007ffb664a6000 	C:\WINDOWS\system32\GDI32.dll
0x00007ffb59c10000 - 0x00007ffb59e84000 	C:\WINDOWS\WinSxS\amd64_microsoft.windows.common-controls_6595b64144ccf1df_6.0.10586.589_none_a2ddb3caa539acce\COMCTL32.dll
0x00007ffb669b0000 - 0x00007ffb66c2d000 	C:\WINDOWS\system32\combase.dll
0x00007ffb65660000 - 0x00007ffb656ca000 	C:\WINDOWS\system32\bcryptPrimitives.dll
0x00007ffb65f90000 - 0x00007ffb65fcb000 	C:\WINDOWS\system32\IMM32.DLL
0x00000000620e0000 - 0x00000000621b2000 	C:\Program Files\Java\jdk1.8.0_60\jre\bin\msvcr100.dll
0x0000000061850000 - 0x00000000620d9000 	C:\Program Files\Java\jdk1.8.0_60\jre\bin\server\jvm.dll
0x00007ffb666b0000 - 0x00007ffb666b8000 	C:\WINDOWS\system32\PSAPI.DLL
0x00007ffb572c0000 - 0x00007ffb572c9000 	C:\WINDOWS\SYSTEM32\WSOCK32.dll
0x00007ffb662b0000 - 0x00007ffb6631b000 	C:\WINDOWS\system32\WS2_32.dll
0x00007ffb636c0000 - 0x00007ffb636e3000 	C:\WINDOWS\SYSTEM32\WINMM.dll
0x00007ffb57f00000 - 0x00007ffb57f0a000 	C:\WINDOWS\SYSTEM32\VERSION.dll
0x00007ffb632c0000 - 0x00007ffb632ec000 	C:\WINDOWS\SYSTEM32\WINMMBASE.dll
0x00007ffb65780000 - 0x00007ffb657c3000 	C:\WINDOWS\system32\cfgmgr32.dll
0x0000000061840000 - 0x000000006184f000 	C:\Program Files\Java\jdk1.8.0_60\jre\bin\verify.dll
0x0000000061810000 - 0x0000000061839000 	C:\Program Files\Java\jdk1.8.0_60\jre\bin\java.dll
0x00000000617f0000 - 0x0000000061806000 	C:\Program Files\Java\jdk1.8.0_60\jre\bin\zip.dll
0x00007ffb67360000 - 0x00007ffb688bc000 	C:\WINDOWS\system32\SHELL32.dll
0x00007ffb657d0000 - 0x00007ffb65e15000 	C:\WINDOWS\system32\windows.storage.dll
0x00007ffb66c30000 - 0x00007ffb66c82000 	C:\WINDOWS\system32\shlwapi.dll
0x00007ffb65120000 - 0x00007ffb6512f000 	C:\WINDOWS\system32\kernel.appcore.dll
0x00007ffb65300000 - 0x00007ffb653b5000 	C:\WINDOWS\system32\shcore.dll
0x00007ffb650c0000 - 0x00007ffb6510b000 	C:\WINDOWS\system32\powrprof.dll
0x00007ffb650a0000 - 0x00007ffb650b4000 	C:\WINDOWS\system32\profapi.dll

VM Arguments:
jvm_args: -Djava.awt.headless=true -Xmx1024M -Dfile.encoding=windows-1252 -Duser.country=CO -Duser.language=es -Duser.variant 
java_command: com.android.dx.command.Main --dex --num-threads=4 --output C:\Users\gary\Downloads\Lab4FCM\app\build\intermediates\pre-dexed\release\com.google.android.gms-play-services-basement-9.6.1_687ce10d4e3f2f95f4800ef583f3fb6f421aaae0.jar C:\Users\gary\Downloads\Lab4FCM\app\build\intermediates\exploded-aar\com.google.android.gms\play-services-basement\9.6.1\jars\classes.jar
java_class_path (initial): C:\Users\gary\AppData\Local\Android\sdk\build-tools\24.0.2\lib\dx.jar
Launcher Type: SUN_STANDARD

Environment Variables:
PATH=C:\oraclexe\app\oracle\product\11.2.0\server\bin;C:\ProgramData\Oracle\Java\javapath;C:\WINDOWS\system32;C:\WINDOWS;C:\WINDOWS\System32\Wbem;C:\WINDOWS\System32\WindowsPowerShell\v1.0\;C:\Program Files (x86)\ChucK\/bin;C:\Program Files (x86)\MySQL\MySQL Fabric 1.5 & MySQL Utilities 1.5\;C:\Program Files (x86)\MySQL\MySQL Fabric 1.5 & MySQL Utilities 1.5\Doctrine extensions for PHP\;C:\Program Files\Git\cmd;
USERNAME=gary
OS=Windows_NT
PROCESSOR_IDENTIFIER=Intel64 Family 6 Model 42 Stepping 7, GenuineIntel



---------------  S Y S T E M  ---------------

OS: Windows 10.0 , 64 bit Build 10586 (10.0.10586.589)

CPU:total 2 (2 cores per cpu, 1 threads per core) family 6 model 42 stepping 7, cmov, cx8, fxsr, mmx, sse, sse2, sse3, ssse3, sse4.1, sse4.2, popcnt, clmul, tsc, tscinvbit

Memory: 4k page, physical 5983780k(885588k free), swap 8681884k(4140k free)

vm_info: Java HotSpot(TM) 64-Bit Server VM (25.60-b23) for windows-amd64 JRE (1.8.0_60-b27), built on Aug  4 2015 11:06:27 by "java_re" with MS VC++ 10.0 (VS2010)

time: Tue Oct 18 11:34:31 2016
elapsed time: 8 seconds (0d 0h 0m 8s)

