#
# There is insufficient memory for the Java Runtime Environment to continue.
# Native memory allocation (malloc) failed to allocate 414928 bytes for Chunk::new
# Possible reasons:
#   The system is out of physical RAM or swap space
#   In 32 bit mode, the process size limit was hit
# Possible solutions:
#   Reduce memory load on the system
#   Increase physical memory or swap space
#   Check if swap backing store is full
#   Use 64 bit Java on a 64 bit OS
#   Decrease Java heap size (-Xmx/-Xms)
#   Decrease number of Java threads
#   Decrease Java thread stack sizes (-Xss)
#   Set larger code cache with -XX:ReservedCodeCacheSize=
# This output file may be truncated or incomplete.
#
#  Out of Memory Error (allocation.cpp:390), pid=10764, tid=5716
#
# JRE version: Java(TM) SE Runtime Environment (8.0_60-b27) (build 1.8.0_60-b27)
# Java VM: Java HotSpot(TM) 64-Bit Server VM (25.60-b23 mixed mode windows-amd64 compressed oops)
# Failed to write core dump. Minidumps are not enabled by default on client versions of Windows
#

---------------  T H R E A D  ---------------

Current thread (0x0000000015129800):  JavaThread "C2 CompilerThread0" daemon [_thread_in_native, id=5716, stack(0x0000000016160000,0x0000000016260000)]

Stack: [0x0000000016160000,0x0000000016260000]
[error occurred during error reporting (printing stack bounds), id 0xc0000005]

Native frames: (J=compiled Java code, j=interpreted, Vv=VM code, C=native code)


Current CompileTask:
C2:   8555 1145       4       com.android.dx.ssa.back.LivenessAnalyzer::handleTailRecursion (94 bytes)


---------------  P R O C E S S  ---------------

Java Threads: ( => current thread )
  0x000000001677d000 JavaThread "pool-1-thread-4" [_thread_in_Java, id=11152, stack(0x0000000016d60000,0x0000000016e60000)]
  0x00000000167a4000 JavaThread "pool-1-thread-3" [_thread_in_Java, id=6968, stack(0x0000000016c60000,0x0000000016d60000)]
  0x000000001679f800 JavaThread "pool-1-thread-2" [_thread_blocked, id=11172, stack(0x0000000016b60000,0x0000000016c60000)]
  0x000000001678e000 JavaThread "pool-2-thread-1" [_thread_blocked, id=9536, stack(0x0000000016a60000,0x0000000016b60000)]
  0x0000000016788000 JavaThread "pool-1-thread-1" [_thread_in_Java, id=6508, stack(0x0000000016960000,0x0000000016a60000)]
  0x000000001518a800 JavaThread "Service Thread" daemon [_thread_blocked, id=9568, stack(0x0000000016360000,0x0000000016460000)]
  0x0000000015184000 JavaThread "C1 CompilerThread1" daemon [_thread_in_vm, id=5668, stack(0x0000000016260000,0x0000000016360000)]
=>0x0000000015129800 JavaThread "C2 CompilerThread0" daemon [_thread_in_native, id=5716, stack(0x0000000016160000,0x0000000016260000)]
  0x0000000015127800 JavaThread "Attach Listener" daemon [_thread_blocked, id=9256, stack(0x0000000016060000,0x0000000016160000)]
  0x0000000015124000 JavaThread "Signal Dispatcher" daemon [_thread_blocked, id=1768, stack(0x0000000015f60000,0x0000000016060000)]
  0x0000000002c8d800 JavaThread "Finalizer" daemon [_thread_blocked, id=8152, stack(0x0000000015d60000,0x0000000015e60000)]
  0x0000000002c8a800 JavaThread "Reference Handler" daemon [_thread_blocked, id=10916, stack(0x0000000015c60000,0x0000000015d60000)]
  0x0000000002ba0800 JavaThread "main" [_thread_in_Java, id=8924, stack(0x00000000011a0000,0x00000000012a0000)]

Other Threads:
  0x00000000150f6000 VMThread [stack: 0x0000000015b60000,0x0000000015c60000] [id=10356]
  0x0000000015190000 WatcherThread [stack: 0x0000000016460000,0x0000000016560000] [id=1516]

VM state:not at safepoint (normal execution)

VM Mutex/Monitor currently owned by a thread: None

Heap:
 PSYoungGen      total 27648K, used 22449K [0x00000000eab00000, 0x00000000ec980000, 0x0000000100000000)
  eden space 24064K, 93% used [0x00000000eab00000,0x00000000ec0ec4f0,0x00000000ec280000)
  from space 3584K, 0% used [0x00000000ec600000,0x00000000ec600000,0x00000000ec980000)
  to   space 3584K, 0% used [0x00000000ec280000,0x00000000ec280000,0x00000000ec600000)
 ParOldGen       total 62976K, used 0K [0x00000000c0000000, 0x00000000c3d80000, 0x00000000eab00000)
  object space 62976K, 0% used [0x00000000c0000000,0x00000000c0000000,0x00000000c3d80000)
 Metaspace       used 6001K, capacity 6896K, committed 7040K, reserved 1056768K
  class space    used 597K, capacity 616K, committed 640K, reserved 1048576K

Card table byte_map: [0x0000000012060000,0x0000000012270000] byte_map_base: 0x0000000011a60000

Marking Bits: (ParMarkBitMap*) 0x000000006205a5b0
 Begin Bits: [0x00000000125d0000, 0x00000000135d0000)
 End Bits:   [0x00000000135d0000, 0x00000000145d0000)

Polling page: 0x0000000000f10000

CodeCache: size=245760Kb used=4834Kb max_used=4834Kb free=240925Kb
 bounds [0x0000000002ca0000, 0x0000000003160000, 0x0000000011ca0000]
 total_blobs=1428 nmethods=1161 adapters=181
 compilation: enabled

Compilation events (10 events):
Event: 8.450 Thread 0x0000000015184000 nmethod 1143 0x000000000311d650 code [0x000000000311d7a0, 0x000000000311d9f0]
Event: 8.450 Thread 0x0000000015184000 1144       3       com.android.dx.cf.code.OneLocalsArray::getMaxLocals (6 bytes)
Event: 8.450 Thread 0x0000000015184000 nmethod 1144 0x000000000311d310 code [0x000000000311d460, 0x000000000311d5b0]
Event: 8.455 Thread 0x0000000015129800 1145       4       com.android.dx.ssa.back.LivenessAnalyzer::handleTailRecursion (94 bytes)
Event: 8.515 Thread 0x0000000015184000 1147       3       com.android.dx.ssa.SsaMethod::getCountReachableBlocks (44 bytes)
Event: 8.517 Thread 0x0000000015184000 nmethod 1147 0x000000000313b0d0 code [0x000000000313b2a0, 0x000000000313bb58]
Event: 8.517 Thread 0x0000000015184000 1148       3       com.android.dx.ssa.back.SsaToRop::convertBasicBlocks (151 bytes)
Event: 8.522 Thread 0x0000000015184000 nmethod 1148 0x0000000003143e10 code [0x0000000003144120, 0x00000000031459f8]
Event: 8.524 Thread 0x0000000015184000 1149       1       com.android.dx.rop.code.Insn$BaseVisitor::visitPlainInsn (1 bytes)
Event: 8.524 Thread 0x0000000015184000 nmethod 1149 0x000000000313ae10 code [0x000000000313af60, 0x000000000313b070]

GC Heap History (0 events):
No events

Deoptimization events (1 events):
Event: 7.251 Thread 0x000000001679f800 Uncommon trap: reason=unstable_if action=reinterpret pc=0x0000000002eb99d8 method=java.util.HashMap.getNode(ILjava/lang/Object;)Ljava/util/HashMap$Node; @ 62

Internal exceptions (2 events):
Event: 1.406 Thread 0x0000000002ba0800 Exception <a 'java/lang/NoSuchMethodError': Method sun.misc.Unsafe.defineClass(Ljava/lang/String;[BII)Ljava/lang/Class; name or signature does not match> (0x00000000eab0d5a0) thrown at [C:\re\workspace\8-2-build-windows-amd64-cygwin\jdk8u60\4407\hotspot\sr«x}:ø}ö?
Event: 1.406 Thread 0x0000000002ba0800 Exception <a 'java/lang/NoSuchMethodError': Method sun.misc.Unsafe.prefetchRead(Ljava/lang/Object;J)V name or signature does not match> (0x00000000eab0d888) thrown at [C:\re\workspace\8-2-build-windows-amd64-cygwin\jdk8u60\4407\hotspot\src\share\vm\prims\j

Events (10 events):
Event: 7.758 Executing VM operation: ForceSafepoint
Event: 7.765 Executing VM operation: ForceSafepoint done
Event: 7.813 loading class java/util/DualPivotQuicksort
Event: 7.813 loading class java/util/DualPivotQuicksort done
Event: 7.857 loading class com/android/dx/cf/code/BytecodeArray$ConstantParserVisitor
Event: 7.857 loading class com/android/dx/cf/code/BytecodeArray$ConstantParserVisitor done
Event: 8.056 loading class com/android/dx/cf/attrib/AttExceptions
Event: 8.056 loading class com/android/dx/cf/attrib/AttExceptions done
Event: 8.106 loading class com/android/dx/cf/code/SwitchList
Event: 8.106 loading class com/android/dx/cf/code/SwitchList done


Dynamic libraries:
0x00007ff78fea0000 - 0x00007ff78fed7000 	C:\Program Files\Java\jdk1.8.0_60\bin\java.exe
0x00007ffb68a80000 - 0x00007ffb68c41000 	C:\WINDOWS\SYSTEM32\ntdll.dll
0x00007ffb66130000 - 0x00007ffb661dd000 	C:\WINDOWS\system32\KERNEL32.DLL
0x00007ffb65470000 - 0x00007ffb65658000 	C:\WINDOWS\system32\KERNELBASE.dll
0x00007ffb67250000 - 0x00007ffb672f7000 	C:\WINDOWS\system32\ADVAPI32.dll
0x00007ffb664b0000 - 0x00007ffb6654d000 	C:\WINDOWS\system32\msvcrt.dll
0x00007ffb67300000 - 0x00007ffb6735b000 	C:\WINDOWS\system32\sechost.dll
0x00007ffb670d0000 - 0x00007ffb671ec000 	C:\WINDOWS\system32\RPCRT4.dll
0x00007ffb68920000 - 0x00007ffb68a76000 	C:\WINDOWS\system32\USER32.dll
0x00007ffb66320000 - 0x00007ffb664a6000 	C:\WINDOWS\system32\GDI32.dll
0x00007ffb59c10000 - 0x00007ffb59e84000 	C:\WINDOWS\WinSxS\amd64_microsoft.windows.common-controls_6595b64144ccf1df_6.0.10586.589_none_a2ddb3caa539acce\COMCTL32.dll
0x00007ffb669b0000 - 0x00007ffb66c2d000 	C:\WINDOWS\system32\combase.dll
0x00007ffb65660000 - 0x00007ffb656ca000 	C:\WINDOWS\system32\bcryptPrimitives.dll
0x00007ffb65f90000 - 0x00007ffb65fcb000 	C:\WINDOWS\system32\IMM32.DLL
0x00000000620e0000 - 0x00000000621b2000 	C:\Program Files\Java\jdk1.8.0_60\jre\bin\msvcr100.dll
0x0000000061850000 - 0x00000000620d9000 	C:\Program Files\Java\jdk1.8.0_60\jre\bin\server\jvm.dll
0x00007ffb666b0000 - 0x00007ffb666b8000 	C:\WINDOWS\system32\PSAPI.DLL
0x00007ffb572c0000 - 0x00007ffb572c9000 	C:\WINDOWS\SYSTEM32\WSOCK32.dll
0x00007ffb662b0000 - 0x00007ffb6631b000 	C:\WINDOWS\system32\WS2_32.dll
0x00007ffb636c0000 - 0x00007ffb636e3000 	C:\WINDOWS\SYSTEM32\WINMM.dll
0x00007ffb57f00000 - 0x00007ffb57f0a000 	C:\WINDOWS\SYSTEM32\VERSION.dll
0x00007ffb632c0000 - 0x00007ffb632ec000 	C:\WINDOWS\SYSTEM32\WINMMBASE.dll
0x00007ffb65780000 - 0x00007ffb657c3000 	C:\WINDOWS\system32\cfgmgr32.dll
0x0000000061840000 - 0x000000006184f000 	C:\Program Files\Java\jdk1.8.0_60\jre\bin\verify.dll
0x0000000061810000 - 0x0000000061839000 	C:\Program Files\Java\jdk1.8.0_60\jre\bin\java.dll
0x00000000617f0000 - 0x0000000061806000 	C:\Program Files\Java\jdk1.8.0_60\jre\bin\zip.dll
0x00007ffb67360000 - 0x00007ffb688bc000 	C:\WINDOWS\system32\SHELL32.dll
0x00007ffb657d0000 - 0x00007ffb65e15000 	C:\WINDOWS\system32\windows.storage.dll
0x00007ffb66c30000 - 0x00007ffb66c82000 	C:\WINDOWS\system32\shlwapi.dll
0x00007ffb65120000 - 0x00007ffb6512f000 	C:\WINDOWS\system32\kernel.appcore.dll
0x00007ffb65300000 - 0x00007ffb653b5000 	C:\WINDOWS\system32\shcore.dll
0x00007ffb650c0000 - 0x00007ffb6510b000 	C:\WINDOWS\system32\powrprof.dll
0x00007ffb650a0000 - 0x00007ffb650b4000 	C:\WINDOWS\system32\profapi.dll

VM Arguments:
jvm_args: -Djava.awt.headless=true -Xmx1024M -Dfile.encoding=windows-1252 -Duser.country=CO -Duser.language=es -Duser.variant 
java_command: com.android.dx.command.Main --dex --num-threads=4 --output C:\Users\gary\Downloads\Lab4FCM\app\build\intermediates\pre-dexed\release\com.google.android.gms-play-services-auth-9.6.1_31f637f4e0ba02729ee899b28e15eb520edc1553.jar C:\Users\gary\Downloads\Lab4FCM\app\build\intermediates\exploded-aar\com.google.android.gms\play-services-auth\9.6.1\jars\classes.jar
java_class_path (initial): C:\Users\gary\AppData\Local\Android\sdk\build-tools\24.0.2\lib\dx.jar
Launcher Type: SUN_STANDARD

Environment Variables:
PATH=C:\oraclexe\app\oracle\product\11.2.0\server\bin;C:\ProgramData\Oracle\Java\javapath;C:\WINDOWS\system32;C:\WINDOWS;C:\WINDOWS\System32\Wbem;C:\WINDOWS\System32\WindowsPowerShell\v1.0\;C:\Program Files (x86)\ChucK\/bin;C:\Program Files (x86)\MySQL\MySQL Fabric 1.5 & MySQL Utilities 1.5\;C:\Program Files (x86)\MySQL\MySQL Fabric 1.5 & MySQL Utilities 1.5\Doctrine extensions for PHP\;C:\Program Files\Git\cmd;
USERNAME=gary
OS=Windows_NT
PROCESSOR_IDENTIFIER=Intel64 Family 6 Model 42 Stepping 7, GenuineIntel



---------------  S Y S T E M  ---------------

OS: Windows 10.0 , 64 bit Build 10586 (10.0.10586.589)

CPU:total 2 (2 cores per cpu, 1 threads per core) family 6 model 42 stepping 7, cmov, cx8, fxsr, mmx, sse, sse2, sse3, ssse3, sse4.1, sse4.2, popcnt, clmul, tsc, tscinvbit

Memory: 4k page, physical 5983780k(885588k free), swap 8681884k(4140k free)

vm_info: Java HotSpot(TM) 64-Bit Server VM (25.60-b23) for windows-amd64 JRE (1.8.0_60-b27), built on Aug  4 2015 11:06:27 by "java_re" with MS VC++ 10.0 (VS2010)

time: Tue Oct 18 11:34:31 2016
elapsed time: 8 seconds (0d 0h 0m 8s)

