#
# There is insufficient memory for the Java Runtime Environment to continue.
# Native memory allocation (malloc) failed to allocate 32744 bytes for ChunkPool::allocate
# Possible reasons:
#   The system is out of physical RAM or swap space
#   In 32 bit mode, the process size limit was hit
# Possible solutions:
#   Reduce memory load on the system
#   Increase physical memory or swap space
#   Check if swap backing store is full
#   Use 64 bit Java on a 64 bit OS
#   Decrease Java heap size (-Xmx/-Xms)
#   Decrease number of Java threads
#   Decrease Java thread stack sizes (-Xss)
#   Set larger code cache with -XX:ReservedCodeCacheSize=
# This output file may be truncated or incomplete.
#
#  Out of Memory Error (allocation.cpp:273), pid=10564, tid=1468
#
# JRE version: Java(TM) SE Runtime Environment (8.0_60-b27) (build 1.8.0_60-b27)
# Java VM: Java HotSpot(TM) 64-Bit Server VM (25.60-b23 mixed mode windows-amd64 compressed oops)
# Failed to write core dump. Minidumps are not enabled by default on client versions of Windows
#

---------------  T H R E A D  ---------------

Current thread (0x00000000153d9800):  JavaThread "C2 CompilerThread0" daemon [_thread_in_native, id=1468, stack(0x0000000016410000,0x0000000016510000)]

Stack: [0x0000000016410000,0x0000000016510000]
[error occurred during error reporting (printing stack bounds), id 0xc0000005]

Native frames: (J=compiled Java code, j=interpreted, Vv=VM code, C=native code)


Current CompileTask:
C2:   7795 1246   !   4       com.android.dx.cf.code.BytecodeArray::parseInstruction (2764 bytes)


---------------  P R O C E S S  ---------------

Java Threads: ( => current thread )
  0x0000000016973800 JavaThread "pool-1-thread-2" [_thread_in_Java, id=6300, stack(0x0000000016e10000,0x0000000016f10000)]
  0x0000000016971000 JavaThread "pool-2-thread-1" [_thread_blocked, id=4324, stack(0x0000000016d10000,0x0000000016e10000)]
  0x0000000015434800 JavaThread "Service Thread" daemon [_thread_blocked, id=9992, stack(0x0000000016610000,0x0000000016710000)]
  0x00000000153dd000 JavaThread "C1 CompilerThread1" daemon [_thread_blocked, id=7756, stack(0x0000000016510000,0x0000000016610000)]
=>0x00000000153d9800 JavaThread "C2 CompilerThread0" daemon [_thread_in_native, id=1468, stack(0x0000000016410000,0x0000000016510000)]
  0x00000000153d7800 JavaThread "Attach Listener" daemon [_thread_blocked, id=9148, stack(0x0000000016310000,0x0000000016410000)]
  0x00000000153d4000 JavaThread "Signal Dispatcher" daemon [_thread_blocked, id=9496, stack(0x0000000016210000,0x0000000016310000)]
  0x0000000002f3d800 JavaThread "Finalizer" daemon [_thread_blocked, id=8284, stack(0x0000000016010000,0x0000000016110000)]
  0x0000000002f3a800 JavaThread "Reference Handler" daemon [_thread_blocked, id=7632, stack(0x0000000015f10000,0x0000000016010000)]
  0x0000000002e50800 JavaThread "main" [_thread_blocked, id=2256, stack(0x0000000002c50000,0x0000000002d50000)]

Other Threads:
  0x00000000153a6000 VMThread [stack: 0x0000000015e10000,0x0000000015f10000] [id=10640]
  0x000000001543c000 WatcherThread [stack: 0x0000000016710000,0x0000000016810000] [id=10796]

VM state:not at safepoint (normal execution)

VM Mutex/Monitor currently owned by a thread: None

Heap:
 PSYoungGen      total 27648K, used 27334K [0x00000000eab00000, 0x00000000ec980000, 0x0000000100000000)
  eden space 24064K, 98% used [0x00000000eab00000,0x00000000ec238e10,0x00000000ec280000)
  from space 3584K, 99% used [0x00000000ec280000,0x00000000ec5f8aa8,0x00000000ec600000)
  to   space 3584K, 0% used [0x00000000ec600000,0x00000000ec600000,0x00000000ec980000)
 ParOldGen       total 62976K, used 1363K [0x00000000c0000000, 0x00000000c3d80000, 0x00000000eab00000)
  object space 62976K, 2% used [0x00000000c0000000,0x00000000c0154e40,0x00000000c3d80000)
 Metaspace       used 6099K, capacity 6962K, committed 7040K, reserved 1056768K
  class space    used 600K, capacity 618K, committed 640K, reserved 1048576K

Card table byte_map: [0x0000000012310000,0x0000000012520000] byte_map_base: 0x0000000011d10000

Marking Bits: (ParMarkBitMap*) 0x000000006205a5b0
 Begin Bits: [0x0000000012880000, 0x0000000013880000)
 End Bits:   [0x0000000013880000, 0x0000000014880000)

Polling page: 0x00000000012f0000

CodeCache: size=245760Kb used=5489Kb max_used=5489Kb free=240270Kb
 bounds [0x0000000002f50000, 0x00000000034b0000, 0x0000000011f50000]
 total_blobs=1617 nmethods=1348 adapters=181
 compilation: disabled (not enough contiguous free space left)

Compilation events (10 events):
Event: 7.283 Thread 0x00000000153dd000 1344       3       com.android.dx.rop.type.Type::isReference (15 bytes)
Event: 7.283 Thread 0x00000000153dd000 nmethod 1344 0x00000000034ab610 code [0x00000000034ab760, 0x00000000034ab910]
Event: 7.284 Thread 0x00000000153dd000 1345       3       com.android.dx.rop.cst.CstArray$List::set (7 bytes)
Event: 7.284 Thread 0x00000000153dd000 nmethod 1345 0x00000000034ab990 code [0x00000000034abb60, 0x00000000034ac348]
Event: 7.287 Thread 0x00000000153dd000 1346       1       com.android.dx.rop.code.Insn$BaseVisitor::visitThrowingCstInsn (1 bytes)
Event: 7.287 Thread 0x00000000153dd000 nmethod 1346 0x00000000034ac910 code [0x00000000034aca60, 0x00000000034acb70]
Event: 7.290 Thread 0x00000000153dd000 1347       3       com.android.dx.rop.cst.CstLiteral64::hashCode (15 bytes)
Event: 7.290 Thread 0x00000000153dd000 nmethod 1347 0x00000000034acbd0 code [0x00000000034acd20, 0x00000000034ace90]
Event: 7.290 Thread 0x00000000153dd000 1348       3       com.android.dx.ssa.BasicRegisterMapper::oldToNew (22 bytes)
Event: 7.291 Thread 0x00000000153dd000 nmethod 1348 0x00000000034acf10 code [0x00000000034ad080, 0x00000000034ad368]

GC Heap History (2 events):
Event: 6.922 GC heap before
{Heap before GC invocations=1 (full 0):
 PSYoungGen      total 27648K, used 24064K [0x00000000eab00000, 0x00000000ec980000, 0x0000000100000000)
  eden space 24064K, 100% used [0x00000000eab00000,0x00000000ec280000,0x00000000ec280000)
  from space 3584K, 0% used [0x00000000ec600000,0x00000000ec600000,0x00000000ec980000)
  to   space 3584K, 0% used [0x00000000ec280000,0x00000000ec280000,0x00000000ec600000)
 ParOldGen       total 62976K, used 0K [0x00000000c0000000, 0x00000000c3d80000, 0x00000000eab00000)
  object space 62976K, 0% used [0x00000000c0000000,0x00000000c0000000,0x00000000c3d80000)
 Metaspace       used 5979K, capacity 6896K, committed 7040K, reserved 1056768K
  class space    used 599K, capacity 616K, committed 640K, reserved 1048576K
Event: 6.939 GC heap after
Heap after GC invocations=1 (full 0):
 PSYoungGen      total 27648K, used 3554K [0x00000000eab00000, 0x00000000ec980000, 0x0000000100000000)
  eden space 24064K, 0% used [0x00000000eab00000,0x00000000eab00000,0x00000000ec280000)
  from space 3584K, 99% used [0x00000000ec280000,0x00000000ec5f8aa8,0x00000000ec600000)
  to   space 3584K, 0% used [0x00000000ec600000,0x00000000ec600000,0x00000000ec980000)
 ParOldGen       total 62976K, used 1363K [0x00000000c0000000, 0x00000000c3d80000, 0x00000000eab00000)
  object space 62976K, 2% used [0x00000000c0000000,0x00000000c0154e40,0x00000000c3d80000)
 Metaspace       used 5979K, capacity 6896K, committed 7040K, reserved 1056768K
  class space    used 599K, capacity 616K, committed 640K, reserved 1048576K
}

Deoptimization events (10 events):
Event: 5.783 Thread 0x000000001696c800 Uncommon trap: reason=class_check action=maybe_recompile pc=0x0000000003279720 method=com.android.dx.ssa.NormalSsaInsn.accept(Lcom/android/dx/ssa/SsaInsn$Visitor;)V @ 9
Event: 5.783 Thread 0x000000001696c800 Uncommon trap: reason=class_check action=maybe_recompile pc=0x0000000003279720 method=com.android.dx.ssa.NormalSsaInsn.accept(Lcom/android/dx/ssa/SsaInsn$Visitor;)V @ 9
Event: 5.783 Thread 0x000000001696c800 Uncommon trap: reason=class_check action=maybe_recompile pc=0x0000000003279720 method=com.android.dx.ssa.NormalSsaInsn.accept(Lcom/android/dx/ssa/SsaInsn$Visitor;)V @ 9
Event: 5.912 Thread 0x0000000016a27800 Uncommon trap: reason=bimorphic action=maybe_recompile pc=0x000000000326b1e0 method=java.util.HashMap.getNode(ILjava/lang/Object;)Ljava/util/HashMap$Node; @ 126
Event: 7.227 Thread 0x0000000016a27800 Uncommon trap: reason=bimorphic action=maybe_recompile pc=0x000000000348a3c4 method=com.android.dx.ssa.SCCP.simulatePhi(Lcom/android/dx/ssa/PhiInsn;)V @ 124
Event: 7.227 Thread 0x0000000016a27800 Uncommon trap: reason=bimorphic action=maybe_recompile pc=0x000000000348a3c4 method=com.android.dx.ssa.SCCP.simulatePhi(Lcom/android/dx/ssa/PhiInsn;)V @ 124
Event: 7.227 Thread 0x0000000016a27800 Uncommon trap: reason=bimorphic action=maybe_recompile pc=0x000000000348a3c4 method=com.android.dx.ssa.SCCP.simulatePhi(Lcom/android/dx/ssa/PhiInsn;)V @ 124
Event: 7.228 Thread 0x0000000016a27800 Uncommon trap: reason=bimorphic action=maybe_recompile pc=0x000000000348a3c4 method=com.android.dx.ssa.SCCP.simulatePhi(Lcom/android/dx/ssa/PhiInsn;)V @ 124
Event: 7.230 Thread 0x0000000016a27800 Uncommon trap: reason=bimorphic action=maybe_recompile pc=0x0000000003176a7c method=java.util.HashMap.getNode(ILjava/lang/Object;)Ljava/util/HashMap$Node; @ 126
Event: 7.230 Thread 0x0000000016a27800 Uncommon trap: reason=class_check action=maybe_recompile pc=0x00000000032e5718 method=java.util.HashMap.putVal(ILjava/lang/Object;Ljava/lang/Object;ZZ)Ljava/lang/Object; @ 203

Internal exceptions (2 events):
Event: 0.519 Thread 0x0000000002e50800 Exception <a 'java/lang/NoSuchMethodError': Method sun.misc.Unsafe.defineClass(Ljava/lang/String;[BII)Ljava/lang/Class; name or signature does not match> (0x00000000eab0d590) thrown at [C:\re\workspace\8-2-build-windows-amd64-cygwin\jdk8u60\4407\hotspot\sre†s„iœà?
Event: 0.519 Thread 0x0000000002e50800 Exception <a 'java/lang/NoSuchMethodError': Method sun.misc.Unsafe.prefetchRead(Ljava/lang/Object;J)V name or signature does not match> (0x00000000eab0d878) thrown at [C:\re\workspace\8-2-build-windows-amd64-cygwin\jdk8u60\4407\hotspot\src\share\vm\prims\j

Events (10 events):
Event: 7.228 Thread 0x0000000016a27800 DEOPT UNPACKING pc=0x0000000002f9582a sp=0x000000001700e7a8 mode 2
Event: 7.228 Thread 0x0000000016a27800 Uncommon trap: trap_request=0xffffffc6 fr.pc=0x000000000348a3c4
Event: 7.228 Thread 0x0000000016a27800 DEOPT PACKING pc=0x000000000348a3c4 sp=0x000000001700e7f0
Event: 7.228 Thread 0x0000000016a27800 DEOPT UNPACKING pc=0x0000000002f9582a sp=0x000000001700e7a8 mode 2
Event: 7.230 Thread 0x0000000016a27800 Uncommon trap: trap_request=0xffffffc6 fr.pc=0x0000000003176a7c
Event: 7.230 Thread 0x0000000016a27800 DEOPT PACKING pc=0x0000000003176a7c sp=0x000000001700e770
Event: 7.230 Thread 0x0000000016a27800 DEOPT UNPACKING pc=0x0000000002f9582a sp=0x000000001700e6f0 mode 2
Event: 7.230 Thread 0x0000000016a27800 Uncommon trap: trap_request=0xffffffde fr.pc=0x00000000032e5718
Event: 7.230 Thread 0x0000000016a27800 DEOPT PACKING pc=0x00000000032e5718 sp=0x000000001700e750
Event: 7.230 Thread 0x0000000016a27800 DEOPT UNPACKING pc=0x0000000002f9582a sp=0x000000001700e6c8 mode 2


Dynamic libraries:
0x00007ff78fea0000 - 0x00007ff78fed7000 	C:\Program Files\Java\jdk1.8.0_60\bin\java.exe
0x00007ffb68a80000 - 0x00007ffb68c41000 	C:\WINDOWS\SYSTEM32\ntdll.dll
0x00007ffb66130000 - 0x00007ffb661dd000 	C:\WINDOWS\system32\KERNEL32.DLL
0x00007ffb65470000 - 0x00007ffb65658000 	C:\WINDOWS\system32\KERNELBASE.dll
0x00007ffb67250000 - 0x00007ffb672f7000 	C:\WINDOWS\system32\ADVAPI32.dll
0x00007ffb664b0000 - 0x00007ffb6654d000 	C:\WINDOWS\system32\msvcrt.dll
0x00007ffb67300000 - 0x00007ffb6735b000 	C:\WINDOWS\system32\sechost.dll
0x00007ffb670d0000 - 0x00007ffb671ec000 	C:\WINDOWS\system32\RPCRT4.dll
0x00007ffb68920000 - 0x00007ffb68a76000 	C:\WINDOWS\system32\USER32.dll
0x00007ffb66320000 - 0x00007ffb664a6000 	C:\WINDOWS\system32\GDI32.dll
0x00007ffb59c10000 - 0x00007ffb59e84000 	C:\WINDOWS\WinSxS\amd64_microsoft.windows.common-controls_6595b64144ccf1df_6.0.10586.589_none_a2ddb3caa539acce\COMCTL32.dll
0x00007ffb669b0000 - 0x00007ffb66c2d000 	C:\WINDOWS\system32\combase.dll
0x00007ffb65660000 - 0x00007ffb656ca000 	C:\WINDOWS\system32\bcryptPrimitives.dll
0x00007ffb65f90000 - 0x00007ffb65fcb000 	C:\WINDOWS\system32\IMM32.DLL
0x00000000620e0000 - 0x00000000621b2000 	C:\Program Files\Java\jdk1.8.0_60\jre\bin\msvcr100.dll
0x0000000061850000 - 0x00000000620d9000 	C:\Program Files\Java\jdk1.8.0_60\jre\bin\server\jvm.dll
0x00007ffb666b0000 - 0x00007ffb666b8000 	C:\WINDOWS\system32\PSAPI.DLL
0x00007ffb572c0000 - 0x00007ffb572c9000 	C:\WINDOWS\SYSTEM32\WSOCK32.dll
0x00007ffb662b0000 - 0x00007ffb6631b000 	C:\WINDOWS\system32\WS2_32.dll
0x00007ffb636c0000 - 0x00007ffb636e3000 	C:\WINDOWS\SYSTEM32\WINMM.dll
0x00007ffb57f00000 - 0x00007ffb57f0a000 	C:\WINDOWS\SYSTEM32\VERSION.dll
0x00007ffb632c0000 - 0x00007ffb632ec000 	C:\WINDOWS\SYSTEM32\WINMMBASE.dll
0x00007ffb65780000 - 0x00007ffb657c3000 	C:\WINDOWS\system32\cfgmgr32.dll
0x0000000061840000 - 0x000000006184f000 	C:\Program Files\Java\jdk1.8.0_60\jre\bin\verify.dll
0x0000000061810000 - 0x0000000061839000 	C:\Program Files\Java\jdk1.8.0_60\jre\bin\java.dll
0x00000000617f0000 - 0x0000000061806000 	C:\Program Files\Java\jdk1.8.0_60\jre\bin\zip.dll
0x00007ffb67360000 - 0x00007ffb688bc000 	C:\WINDOWS\system32\SHELL32.dll
0x00007ffb657d0000 - 0x00007ffb65e15000 	C:\WINDOWS\system32\windows.storage.dll
0x00007ffb66c30000 - 0x00007ffb66c82000 	C:\WINDOWS\system32\shlwapi.dll
0x00007ffb65120000 - 0x00007ffb6512f000 	C:\WINDOWS\system32\kernel.appcore.dll
0x00007ffb65300000 - 0x00007ffb653b5000 	C:\WINDOWS\system32\shcore.dll
0x00007ffb650c0000 - 0x00007ffb6510b000 	C:\WINDOWS\system32\powrprof.dll
0x00007ffb650a0000 - 0x00007ffb650b4000 	C:\WINDOWS\system32\profapi.dll

VM Arguments:
jvm_args: -Djava.awt.headless=true -Xmx1024M -Dfile.encoding=windows-1252 -Duser.country=CO -Duser.language=es -Duser.variant 
java_command: com.android.dx.command.Main --dex --num-threads=4 --output C:\Users\gary\Downloads\Lab4FCM\app\build\intermediates\pre-dexed\release\com.google.firebase-firebase-storage-9.6.1_42f6779a4245c5a595538d0329b5344c825d229d.jar C:\Users\gary\Downloads\Lab4FCM\app\build\intermediates\exploded-aar\com.google.firebase\firebase-storage\9.6.1\jars\classes.jar
java_class_path (initial): C:\Users\gary\AppData\Local\Android\sdk\build-tools\24.0.2\lib\dx.jar
Launcher Type: SUN_STANDARD

Environment Variables:
PATH=C:\oraclexe\app\oracle\product\11.2.0\server\bin;C:\ProgramData\Oracle\Java\javapath;C:\WINDOWS\system32;C:\WINDOWS;C:\WINDOWS\System32\Wbem;C:\WINDOWS\System32\WindowsPowerShell\v1.0\;C:\Program Files (x86)\ChucK\/bin;C:\Program Files (x86)\MySQL\MySQL Fabric 1.5 & MySQL Utilities 1.5\;C:\Program Files (x86)\MySQL\MySQL Fabric 1.5 & MySQL Utilities 1.5\Doctrine extensions for PHP\;C:\Program Files\Git\cmd;
USERNAME=gary
OS=Windows_NT
PROCESSOR_IDENTIFIER=Intel64 Family 6 Model 42 Stepping 7, GenuineIntel



---------------  S Y S T E M  ---------------

OS: Windows 10.0 , 64 bit Build 10586 (10.0.10586.589)

CPU:total 2 (2 cores per cpu, 1 threads per core) family 6 model 42 stepping 7, cmov, cx8, fxsr, mmx, sse, sse2, sse3, ssse3, sse4.1, sse4.2, popcnt, clmul, tsc, tscinvbit

Memory: 4k page, physical 5983780k(748328k free), swap 8681884k(3208k free)

vm_info: Java HotSpot(TM) 64-Bit Server VM (25.60-b23) for windows-amd64 JRE (1.8.0_60-b27), built on Aug  4 2015 11:06:27 by "java_re" with MS VC++ 10.0 (VS2010)

time: Tue Oct 18 11:34:53 2016
elapsed time: 7 seconds (0d 0h 0m 7s)

