#
# There is insufficient memory for the Java Runtime Environment to continue.
# Native memory allocation (malloc) failed to allocate 1005856 bytes for Chunk::new
# Possible reasons:
#   The system is out of physical RAM or swap space
#   In 32 bit mode, the process size limit was hit
# Possible solutions:
#   Reduce memory load on the system
#   Increase physical memory or swap space
#   Check if swap backing store is full
#   Use 64 bit Java on a 64 bit OS
#   Decrease Java heap size (-Xmx/-Xms)
#   Decrease number of Java threads
#   Decrease Java thread stack sizes (-Xss)
#   Set larger code cache with -XX:ReservedCodeCacheSize=
# This output file may be truncated or incomplete.
#
#  Out of Memory Error (allocation.cpp:390), pid=9124, tid=8344
#
# JRE version: Java(TM) SE Runtime Environment (8.0_60-b27) (build 1.8.0_60-b27)
# Java VM: Java HotSpot(TM) 64-Bit Server VM (25.60-b23 mixed mode windows-amd64 compressed oops)
# Failed to write core dump. Minidumps are not enabled by default on client versions of Windows
#

---------------  T H R E A D  ---------------

Current thread (0x0000000014bd9800):  JavaThread "C2 CompilerThread0" daemon [_thread_in_native, id=8344, stack(0x0000000015c10000,0x0000000015d10000)]

Stack: [0x0000000015c10000,0x0000000015d10000]
[error occurred during error reporting (printing stack bounds), id 0xc0000005]

Native frames: (J=compiled Java code, j=interpreted, Vv=VM code, C=native code)


Current CompileTask:
C2:   2401 1187       4       com.android.dx.ssa.SCCP::simulateStmt (481 bytes)


---------------  P R O C E S S  ---------------

Java Threads: ( => current thread )
  0x0000000016238800 JavaThread "pool-1-thread-4" [_thread_in_vm, id=3692, stack(0x0000000016810000,0x0000000016910000)]
  0x0000000016156800 JavaThread "pool-1-thread-2" [_thread_in_vm, id=5340, stack(0x0000000016610000,0x0000000016710000)]
  0x000000001614e800 JavaThread "pool-2-thread-1" [_thread_blocked, id=7772, stack(0x0000000016510000,0x0000000016610000)]
  0x0000000016154800 JavaThread "pool-1-thread-1" [_thread_in_Java, id=9108, stack(0x0000000016410000,0x0000000016510000)]
  0x0000000014c3a800 JavaThread "Service Thread" daemon [_thread_blocked, id=2208, stack(0x0000000015e10000,0x0000000015f10000)]
  0x0000000014c34000 JavaThread "C1 CompilerThread1" daemon [_thread_blocked, id=3404, stack(0x0000000015d10000,0x0000000015e10000)]
=>0x0000000014bd9800 JavaThread "C2 CompilerThread0" daemon [_thread_in_native, id=8344, stack(0x0000000015c10000,0x0000000015d10000)]
  0x0000000014bd7800 JavaThread "Attach Listener" daemon [_thread_blocked, id=4356, stack(0x0000000015b10000,0x0000000015c10000)]
  0x000000000274e800 JavaThread "Signal Dispatcher" daemon [_thread_blocked, id=11152, stack(0x0000000015a10000,0x0000000015b10000)]
  0x000000000273d800 JavaThread "Finalizer" daemon [_thread_blocked, id=1516, stack(0x0000000015810000,0x0000000015910000)]
  0x000000000273a800 JavaThread "Reference Handler" daemon [_thread_blocked, id=5668, stack(0x0000000015710000,0x0000000015810000)]
  0x0000000002650800 JavaThread "main" [_thread_blocked, id=8924, stack(0x0000000002550000,0x0000000002650000)]

Other Threads:
  0x0000000014ba6000 VMThread [stack: 0x0000000015610000,0x0000000015710000] [id=9256]
  0x0000000014c58000 WatcherThread [stack: 0x0000000015f10000,0x0000000016010000] [id=10912]

VM state:not at safepoint (normal execution)

VM Mutex/Monitor currently owned by a thread: None

Heap:
 PSYoungGen      total 27648K, used 11553K [0x00000000eab00000, 0x00000000ec980000, 0x0000000100000000)
  eden space 24064K, 33% used [0x00000000eab00000,0x00000000eb2cb2a8,0x00000000ec280000)
  from space 3584K, 99% used [0x00000000ec280000,0x00000000ec5fd468,0x00000000ec600000)
  to   space 3584K, 0% used [0x00000000ec600000,0x00000000ec600000,0x00000000ec980000)
 ParOldGen       total 62976K, used 1865K [0x00000000c0000000, 0x00000000c3d80000, 0x00000000eab00000)
  object space 62976K, 2% used [0x00000000c0000000,0x00000000c01d2628,0x00000000c3d80000)
 Metaspace       used 5887K, capacity 6960K, committed 7040K, reserved 1056768K
  class space    used 589K, capacity 616K, committed 640K, reserved 1048576K

Card table byte_map: [0x0000000011b10000,0x0000000011d20000] byte_map_base: 0x0000000011510000

Marking Bits: (ParMarkBitMap*) 0x000000006205a5b0
 Begin Bits: [0x0000000012080000, 0x0000000013080000)
 End Bits:   [0x0000000013080000, 0x0000000014080000)

Polling page: 0x00000000009d0000

CodeCache: size=245760Kb used=4906Kb max_used=4906Kb free=240853Kb
 bounds [0x0000000002750000, 0x0000000002c20000, 0x0000000011750000]
 total_blobs=1470 nmethods=1208 adapters=176
 compilation: enabled

Compilation events (10 events):
Event: 2.268 Thread 0x0000000014c34000 1212       3       com.android.dx.cf.code.Simulator$SimVisitor::checkReturnType (64 bytes)
Event: 2.269 Thread 0x0000000014c34000 nmethod 1212 0x0000000002c1b910 code [0x0000000002c1bb60, 0x0000000002c1c8e8]
Event: 2.274 Thread 0x0000000014c34000 1213       3       com.android.dx.rop.code.RegisterSpec::make (21 bytes)
Event: 2.274 Thread 0x0000000014c34000 nmethod 1213 0x0000000002c1cf10 code [0x0000000002c1d080, 0x0000000002c1d2d8]
Event: 2.275 Thread 0x0000000014c34000 1215       3       com.android.dx.rop.cst.TypedConstant::getBasicType (8 bytes)
Event: 2.276 Thread 0x0000000014c34000 nmethod 1215 0x0000000002c1d3d0 code [0x0000000002c1d540, 0x0000000002c1d7e8]
Event: 2.276 Thread 0x0000000014c34000 1216       3       java.lang.Integer::valueOf (32 bytes)
Event: 2.276 Thread 0x0000000014c34000 nmethod 1216 0x0000000002c1d890 code [0x0000000002c1da00, 0x0000000002c1dd50]
Event: 2.277 Thread 0x0000000014c34000 1217 %     3       com.android.dx.util.Bits::or @ 2 (24 bytes)
Event: 2.277 Thread 0x0000000014c34000 nmethod 1217% 0x0000000002c1df10 code [0x0000000002c1e080, 0x0000000002c1e310]

GC Heap History (2 events):
Event: 2.079 GC heap before
{Heap before GC invocations=1 (full 0):
 PSYoungGen      total 27648K, used 24064K [0x00000000eab00000, 0x00000000ec980000, 0x0000000100000000)
  eden space 24064K, 100% used [0x00000000eab00000,0x00000000ec280000,0x00000000ec280000)
  from space 3584K, 0% used [0x00000000ec600000,0x00000000ec600000,0x00000000ec980000)
  to   space 3584K, 0% used [0x00000000ec280000,0x00000000ec280000,0x00000000ec600000)
 ParOldGen       total 62976K, used 0K [0x00000000c0000000, 0x00000000c3d80000, 0x00000000eab00000)
  object space 62976K, 0% used [0x00000000c0000000,0x00000000c0000000,0x00000000c3d80000)
 Metaspace       used 5820K, capacity 6896K, committed 7040K, reserved 1056768K
  class space    used 589K, capacity 616K, committed 640K, reserved 1048576K
Event: 2.094 GC heap after
Heap after GC invocations=1 (full 0):
 PSYoungGen      total 27648K, used 3573K [0x00000000eab00000, 0x00000000ec980000, 0x0000000100000000)
  eden space 24064K, 0% used [0x00000000eab00000,0x00000000eab00000,0x00000000ec280000)
  from space 3584K, 99% used [0x00000000ec280000,0x00000000ec5fd468,0x00000000ec600000)
  to   space 3584K, 0% used [0x00000000ec600000,0x00000000ec600000,0x00000000ec980000)
 ParOldGen       total 62976K, used 1865K [0x00000000c0000000, 0x00000000c3d80000, 0x00000000eab00000)
  object space 62976K, 2% used [0x00000000c0000000,0x00000000c01d2628,0x00000000c3d80000)
 Metaspace       used 5820K, capacity 6896K, committed 7040K, reserved 1056768K
  class space    used 589K, capacity 616K, committed 640K, reserved 1048576K
}

Deoptimization events (10 events):
Event: 1.242 Thread 0x0000000016237800 Uncommon trap: reason=class_check action=maybe_recompile pc=0x00000000029cf170 method=com.android.dx.ssa.NormalSsaInsn.accept(Lcom/android/dx/ssa/SsaInsn$Visitor;)V @ 9
Event: 1.242 Thread 0x0000000016237800 Uncommon trap: reason=class_check action=maybe_recompile pc=0x00000000029cf170 method=com.android.dx.ssa.NormalSsaInsn.accept(Lcom/android/dx/ssa/SsaInsn$Visitor;)V @ 9
Event: 1.243 Thread 0x0000000016237800 Uncommon trap: reason=class_check action=maybe_recompile pc=0x00000000029cf170 method=com.android.dx.ssa.NormalSsaInsn.accept(Lcom/android/dx/ssa/SsaInsn$Visitor;)V @ 9
Event: 1.243 Thread 0x0000000016237800 Uncommon trap: reason=class_check action=maybe_recompile pc=0x00000000029cf170 method=com.android.dx.ssa.NormalSsaInsn.accept(Lcom/android/dx/ssa/SsaInsn$Visitor;)V @ 9
Event: 1.349 Thread 0x0000000002650800 Uncommon trap: reason=unstable_if action=reinterpret pc=0x00000000029d8db0 method=java.util.BitSet.nextSetBit(I)I @ 87
Event: 1.349 Thread 0x0000000002650800 Uncommon trap: reason=unstable_if action=reinterpret pc=0x00000000029ce6bc method=java.lang.Long.numberOfTrailingZeros(J)I @ 17
Event: 1.517 Thread 0x0000000002650800 Uncommon trap: reason=unstable_if action=reinterpret pc=0x0000000002aaea90 method=com.android.dx.rop.code.RegisterSpec.equals(ILcom/android/dx/rop/type/TypeBearer;Lcom/android/dx/rop/code/LocalItem;)Z @ 42
Event: 1.525 Thread 0x0000000002650800 Uncommon trap: reason=unstable_if action=reinterpret pc=0x0000000002a908dc method=com.android.dx.rop.cst.Constant.compareTo(Lcom/android/dx/rop/cst/Constant;)I @ 12
Event: 2.276 Thread 0x0000000016156800 Uncommon trap: reason=bimorphic action=maybe_recompile pc=0x00000000029d2308 method=java.util.HashMap.getNode(ILjava/lang/Object;)Ljava/util/HashMap$Node; @ 126
Event: 2.276 Thread 0x0000000016156800 Uncommon trap: reason=class_check action=maybe_recompile pc=0x0000000002c13100 method=java.util.HashMap.putVal(ILjava/lang/Object;Ljava/lang/Object;ZZ)Ljava/lang/Object; @ 203

Internal exceptions (2 events):
Event: 0.072 Thread 0x0000000002650800 Exception <a 'java/lang/NoSuchMethodError': Method sun.misc.Unsafe.defineClass(Ljava/lang/String;[BII)Ljava/lang/Class; name or signature does not match> (0x00000000eab0d430) thrown at [C:\re\workspace\8-2-build-windows-amd64-cygwin\jdk8u60\4407\hotspot\srçKÁ1≤?
Event: 0.072 Thread 0x0000000002650800 Exception <a 'java/lang/NoSuchMethodError': Method sun.misc.Unsafe.prefetchRead(Ljava/lang/Object;J)V name or signature does not match> (0x00000000eab0d718) thrown at [C:\re\workspace\8-2-build-windows-amd64-cygwin\jdk8u60\4407\hotspot\src\share\vm\prims\j

Events (10 events):
Event: 2.020 loading class java/util/HashMap$KeyIterator done
Event: 2.072 Executing VM operation: ParallelGCFailedAllocation
Event: 2.094 Executing VM operation: ParallelGCFailedAllocation done
Event: 2.247 Thread 0x0000000016237800 Thread exited: 0x0000000016237800
Event: 2.276 Thread 0x0000000016156800 Uncommon trap: trap_request=0xffffffc6 fr.pc=0x00000000029d2308
Event: 2.276 Thread 0x0000000016156800 DEOPT PACKING pc=0x00000000029d2308 sp=0x000000001670eb20
Event: 2.276 Thread 0x0000000016156800 DEOPT UNPACKING pc=0x000000000279582a sp=0x000000001670ea58 mode 2
Event: 2.276 Thread 0x0000000016156800 Uncommon trap: trap_request=0xffffffde fr.pc=0x0000000002c13100
Event: 2.276 Thread 0x0000000016156800 DEOPT PACKING pc=0x0000000002c13100 sp=0x000000001670ea70
Event: 2.276 Thread 0x0000000016156800 DEOPT UNPACKING pc=0x000000000279582a sp=0x000000001670e9f8 mode 2


Dynamic libraries:
0x00007ff78fea0000 - 0x00007ff78fed7000 	C:\Program Files\Java\jdk1.8.0_60\bin\java.exe
0x00007ffb68a80000 - 0x00007ffb68c41000 	C:\WINDOWS\SYSTEM32\ntdll.dll
0x00007ffb66130000 - 0x00007ffb661dd000 	C:\WINDOWS\system32\KERNEL32.DLL
0x00007ffb65470000 - 0x00007ffb65658000 	C:\WINDOWS\system32\KERNELBASE.dll
0x00007ffb67250000 - 0x00007ffb672f7000 	C:\WINDOWS\system32\ADVAPI32.dll
0x00007ffb664b0000 - 0x00007ffb6654d000 	C:\WINDOWS\system32\msvcrt.dll
0x00007ffb67300000 - 0x00007ffb6735b000 	C:\WINDOWS\system32\sechost.dll
0x00007ffb670d0000 - 0x00007ffb671ec000 	C:\WINDOWS\system32\RPCRT4.dll
0x00007ffb68920000 - 0x00007ffb68a76000 	C:\WINDOWS\system32\USER32.dll
0x00007ffb66320000 - 0x00007ffb664a6000 	C:\WINDOWS\system32\GDI32.dll
0x00007ffb59c10000 - 0x00007ffb59e84000 	C:\WINDOWS\WinSxS\amd64_microsoft.windows.common-controls_6595b64144ccf1df_6.0.10586.589_none_a2ddb3caa539acce\COMCTL32.dll
0x00007ffb669b0000 - 0x00007ffb66c2d000 	C:\WINDOWS\system32\combase.dll
0x00007ffb65660000 - 0x00007ffb656ca000 	C:\WINDOWS\system32\bcryptPrimitives.dll
0x00007ffb65f90000 - 0x00007ffb65fcb000 	C:\WINDOWS\system32\IMM32.DLL
0x00000000620e0000 - 0x00000000621b2000 	C:\Program Files\Java\jdk1.8.0_60\jre\bin\msvcr100.dll
0x0000000061850000 - 0x00000000620d9000 	C:\Program Files\Java\jdk1.8.0_60\jre\bin\server\jvm.dll
0x00007ffb666b0000 - 0x00007ffb666b8000 	C:\WINDOWS\system32\PSAPI.DLL
0x00007ffb572c0000 - 0x00007ffb572c9000 	C:\WINDOWS\SYSTEM32\WSOCK32.dll
0x00007ffb662b0000 - 0x00007ffb6631b000 	C:\WINDOWS\system32\WS2_32.dll
0x00007ffb636c0000 - 0x00007ffb636e3000 	C:\WINDOWS\SYSTEM32\WINMM.dll
0x00007ffb57f00000 - 0x00007ffb57f0a000 	C:\WINDOWS\SYSTEM32\VERSION.dll
0x00007ffb632c0000 - 0x00007ffb632ec000 	C:\WINDOWS\SYSTEM32\WINMMBASE.dll
0x00007ffb65780000 - 0x00007ffb657c3000 	C:\WINDOWS\system32\cfgmgr32.dll
0x0000000061840000 - 0x000000006184f000 	C:\Program Files\Java\jdk1.8.0_60\jre\bin\verify.dll
0x0000000061810000 - 0x0000000061839000 	C:\Program Files\Java\jdk1.8.0_60\jre\bin\java.dll
0x00000000617f0000 - 0x0000000061806000 	C:\Program Files\Java\jdk1.8.0_60\jre\bin\zip.dll
0x00007ffb67360000 - 0x00007ffb688bc000 	C:\WINDOWS\system32\SHELL32.dll
0x00007ffb657d0000 - 0x00007ffb65e15000 	C:\WINDOWS\system32\windows.storage.dll
0x00007ffb66c30000 - 0x00007ffb66c82000 	C:\WINDOWS\system32\shlwapi.dll
0x00007ffb65120000 - 0x00007ffb6512f000 	C:\WINDOWS\system32\kernel.appcore.dll
0x00007ffb65300000 - 0x00007ffb653b5000 	C:\WINDOWS\system32\shcore.dll
0x00007ffb650c0000 - 0x00007ffb6510b000 	C:\WINDOWS\system32\powrprof.dll
0x00007ffb650a0000 - 0x00007ffb650b4000 	C:\WINDOWS\system32\profapi.dll

VM Arguments:
jvm_args: -Djava.awt.headless=true -Xmx1024M -Dfile.encoding=windows-1252 -Duser.country=CO -Duser.language=es -Duser.variant 
java_command: com.android.dx.command.Main --dex --num-threads=4 --output C:\Users\gary\Downloads\Lab4FCM\app\build\intermediates\pre-dexed\release\com.android.support-support-vector-drawable-24.2.1_c393f5908c16585f72050c7a37be3df401601281.jar C:\Users\gary\Downloads\Lab4FCM\app\build\intermediates\exploded-aar\com.android.support\support-vector-drawable\24.2.1\jars\classes.jar
java_class_path (initial): C:\Users\gary\AppData\Local\Android\sdk\build-tools\24.0.2\lib\dx.jar
Launcher Type: SUN_STANDARD

Environment Variables:
PATH=C:\oraclexe\app\oracle\product\11.2.0\server\bin;C:\ProgramData\Oracle\Java\javapath;C:\WINDOWS\system32;C:\WINDOWS;C:\WINDOWS\System32\Wbem;C:\WINDOWS\System32\WindowsPowerShell\v1.0\;C:\Program Files (x86)\ChucK\/bin;C:\Program Files (x86)\MySQL\MySQL Fabric 1.5 & MySQL Utilities 1.5\;C:\Program Files (x86)\MySQL\MySQL Fabric 1.5 & MySQL Utilities 1.5\Doctrine extensions for PHP\;C:\Program Files\Git\cmd;
USERNAME=gary
OS=Windows_NT
PROCESSOR_IDENTIFIER=Intel64 Family 6 Model 42 Stepping 7, GenuineIntel



---------------  S Y S T E M  ---------------

OS: Windows 10.0 , 64 bit Build 10586 (10.0.10586.589)

CPU:total 2 (2 cores per cpu, 1 threads per core) family 6 model 42 stepping 7, cmov, cx8, fxsr, mmx, sse, sse2, sse3, ssse3, sse4.1, sse4.2, popcnt, clmul, tsc, tscinvbit

Memory: 4k page, physical 5983780k(785588k free), swap 8681884k(5688k free)

vm_info: Java HotSpot(TM) 64-Bit Server VM (25.60-b23) for windows-amd64 JRE (1.8.0_60-b27), built on Aug  4 2015 11:06:27 by "java_re" with MS VC++ 10.0 (VS2010)

time: Tue Oct 18 11:35:25 2016
elapsed time: 2 seconds (0d 0h 0m 2s)

