#
# There is insufficient memory for the Java Runtime Environment to continue.
# Native memory allocation (malloc) failed to allocate 32744 bytes for ChunkPool::allocate
# Possible reasons:
#   The system is out of physical RAM or swap space
#   In 32 bit mode, the process size limit was hit
# Possible solutions:
#   Reduce memory load on the system
#   Increase physical memory or swap space
#   Check if swap backing store is full
#   Use 64 bit Java on a 64 bit OS
#   Decrease Java heap size (-Xmx/-Xms)
#   Decrease number of Java threads
#   Decrease Java thread stack sizes (-Xss)
#   Set larger code cache with -XX:ReservedCodeCacheSize=
# This output file may be truncated or incomplete.
#
#  Out of Memory Error (allocation.cpp:273), pid=10728, tid=4364
#
# JRE version: Java(TM) SE Runtime Environment (8.0_60-b27) (build 1.8.0_60-b27)
# Java VM: Java HotSpot(TM) 64-Bit Server VM (25.60-b23 mixed mode windows-amd64 compressed oops)
# Failed to write core dump. Minidumps are not enabled by default on client versions of Windows
#

---------------  T H R E A D  ---------------

Current thread (0x000000001508c000):  JavaThread "C1 CompilerThread1" daemon [_thread_in_native, id=4364, stack(0x0000000016170000,0x0000000016270000)]

Stack: [0x0000000016170000,0x0000000016270000]
[error occurred during error reporting (printing stack bounds), id 0xc0000005]

Native frames: (J=compiled Java code, j=interpreted, Vv=VM code, C=native code)


Current CompileTask:
C1:   6464  333   !   3       com.android.dx.cf.code.BytecodeArray::parseInstruction (2764 bytes)


---------------  P R O C E S S  ---------------

Java Threads: ( => current thread )
  0x00000000166c2800 JavaThread "pool-1-thread-4" [_thread_in_Java, id=10140, stack(0x0000000016c70000,0x0000000016d70000)]
  0x00000000166c1800 JavaThread "pool-1-thread-3" [_thread_blocked, id=2636, stack(0x0000000016b70000,0x0000000016c70000)]
  0x00000000166b8800 JavaThread "pool-1-thread-2" [_thread_blocked, id=10808, stack(0x0000000016a70000,0x0000000016b70000)]
  0x00000000166b7000 JavaThread "pool-2-thread-1" [_thread_blocked, id=4080, stack(0x0000000016970000,0x0000000016a70000)]
  0x0000000016694800 JavaThread "pool-1-thread-1" [_thread_blocked, id=9164, stack(0x0000000016870000,0x0000000016970000)]
  0x00000000150a3800 JavaThread "Service Thread" daemon [_thread_blocked, id=10392, stack(0x0000000016270000,0x0000000016370000)]
=>0x000000001508c000 JavaThread "C1 CompilerThread1" daemon [_thread_in_native, id=4364, stack(0x0000000016170000,0x0000000016270000)]
  0x0000000015039800 JavaThread "C2 CompilerThread0" daemon [_thread_in_native, id=3184, stack(0x0000000016070000,0x0000000016170000)]
  0x0000000015037800 JavaThread "Attach Listener" daemon [_thread_blocked, id=9632, stack(0x0000000015f70000,0x0000000016070000)]
  0x0000000002bae800 JavaThread "Signal Dispatcher" daemon [_thread_blocked, id=3420, stack(0x0000000015e70000,0x0000000015f70000)]
  0x0000000002b9d800 JavaThread "Finalizer" daemon [_thread_blocked, id=10368, stack(0x0000000015c70000,0x0000000015d70000)]
  0x0000000002b9a800 JavaThread "Reference Handler" daemon [_thread_blocked, id=1660, stack(0x0000000015b70000,0x0000000015c70000)]
  0x0000000002ab0800 JavaThread "main" [_thread_in_Java, id=10796, stack(0x00000000010f0000,0x00000000011f0000)]

Other Threads:
  0x0000000015006000 VMThread [stack: 0x0000000015a70000,0x0000000015b70000] [id=10744]
  0x000000001509a000 WatcherThread [stack: 0x0000000016370000,0x0000000016470000] [id=7796]

VM state:not at safepoint (normal execution)

VM Mutex/Monitor currently owned by a thread: None

Heap:
 PSYoungGen      total 27648K, used 9651K [0x00000000eab00000, 0x00000000ec980000, 0x0000000100000000)
  eden space 24064K, 40% used [0x00000000eab00000,0x00000000eb46cf98,0x00000000ec280000)
  from space 3584K, 0% used [0x00000000ec600000,0x00000000ec600000,0x00000000ec980000)
  to   space 3584K, 0% used [0x00000000ec280000,0x00000000ec280000,0x00000000ec600000)
 ParOldGen       total 62976K, used 0K [0x00000000c0000000, 0x00000000c3d80000, 0x00000000eab00000)
  object space 62976K, 0% used [0x00000000c0000000,0x00000000c0000000,0x00000000c3d80000)
 Metaspace       used 4792K, capacity 5872K, committed 6016K, reserved 1056768K
  class space    used 525K, capacity 552K, committed 640K, reserved 1048576K

Card table byte_map: [0x0000000011f70000,0x0000000012180000] byte_map_base: 0x0000000011970000

Marking Bits: (ParMarkBitMap*) 0x000000006205a5b0
 Begin Bits: [0x00000000124e0000, 0x00000000134e0000)
 End Bits:   [0x00000000134e0000, 0x00000000144e0000)

Polling page: 0x00000000011f0000

CodeCache: size=245760Kb used=1812Kb max_used=1823Kb free=243947Kb
 bounds [0x0000000002bb0000, 0x0000000002e20000, 0x0000000011bb0000]
 total_blobs=596 nmethods=333 adapters=177
 compilation: enabled

Compilation events (10 events):
Event: 6.439 Thread 0x000000001508c000 nmethod 328 0x0000000002d73890 code [0x0000000002d739e0, 0x0000000002d73af0]
Event: 6.439 Thread 0x000000001508c000  329       3       com.android.dx.rop.type.Type::getType (2 bytes)
Event: 6.439 Thread 0x000000001508c000 nmethod 329 0x0000000002d73550 code [0x0000000002d736a0, 0x0000000002d737f0]
Event: 6.440 Thread 0x000000001508c000  330       1       com.android.dx.cf.code.Frame::getStack (5 bytes)
Event: 6.440 Thread 0x000000001508c000 nmethod 330 0x0000000002d73290 code [0x0000000002d733e0, 0x0000000002d734f0]
Event: 6.440 Thread 0x000000001508c000  331       1       com.android.dx.cf.attrib.AttCode::getCatches (5 bytes)
Event: 6.440 Thread 0x000000001508c000 nmethod 331 0x0000000002d72fd0 code [0x0000000002d73120, 0x0000000002d73230]
Event: 6.441 Thread 0x000000001508c000  332       3       com.android.dx.rop.type.Type::hashCode (8 bytes)
Event: 6.441 Thread 0x000000001508c000 nmethod 332 0x0000000002d72b90 code [0x0000000002d72d00, 0x0000000002d72f08]
Event: 6.441 Thread 0x000000001508c000  333   !   3       com.android.dx.cf.code.BytecodeArray::parseInstruction (2764 bytes)

GC Heap History (0 events):
No events

Deoptimization events (0 events):
No events

Internal exceptions (2 events):
Event: 1.256 Thread 0x0000000002ab0800 Exception <a 'java/lang/NoSuchMethodError': Method sun.misc.Unsafe.defineClass(Ljava/lang/String;[BII)Ljava/lang/Class; name or signature does not match> (0x00000000eab0d440) thrown at [C:\re\workspace\8-2-build-windows-amd64-cygwin\jdk8u60\4407\hotspot\sr²>­ô?
Event: 1.256 Thread 0x0000000002ab0800 Exception <a 'java/lang/NoSuchMethodError': Method sun.misc.Unsafe.prefetchRead(Ljava/lang/Object;J)V name or signature does not match> (0x00000000eab0d728) thrown at [C:\re\workspace\8-2-build-windows-amd64-cygwin\jdk8u60\4407\hotspot\src\share\vm\prims\j

Events (10 events):
Event: 6.448 loading class com/android/dx/ssa/LocalVariableInfo
Event: 6.448 loading class com/android/dx/ssa/LocalVariableInfo done
Event: 6.449 loading class com/android/dx/rop/code/RegisterSpecSet
Event: 6.449 loading class com/android/dx/rop/code/RegisterSpecSet done
Event: 6.451 loading class com/android/dx/ssa/DomFront
Event: 6.451 loading class com/android/dx/ssa/DomFront done
Event: 6.452 loading class com/android/dx/ssa/DomFront$DomInfo
Event: 6.452 loading class com/android/dx/ssa/DomFront$DomInfo done
Event: 6.453 loading class com/android/dx/ssa/Dominators
Event: 6.453 loading class com/android/dx/ssa/Dominators done


Dynamic libraries:
0x00007ff78fea0000 - 0x00007ff78fed7000 	C:\Program Files\Java\jdk1.8.0_60\bin\java.exe
0x00007ffb68a80000 - 0x00007ffb68c41000 	C:\WINDOWS\SYSTEM32\ntdll.dll
0x00007ffb66130000 - 0x00007ffb661dd000 	C:\WINDOWS\system32\KERNEL32.DLL
0x00007ffb65470000 - 0x00007ffb65658000 	C:\WINDOWS\system32\KERNELBASE.dll
0x00007ffb67250000 - 0x00007ffb672f7000 	C:\WINDOWS\system32\ADVAPI32.dll
0x00007ffb664b0000 - 0x00007ffb6654d000 	C:\WINDOWS\system32\msvcrt.dll
0x00007ffb67300000 - 0x00007ffb6735b000 	C:\WINDOWS\system32\sechost.dll
0x00007ffb670d0000 - 0x00007ffb671ec000 	C:\WINDOWS\system32\RPCRT4.dll
0x00007ffb68920000 - 0x00007ffb68a76000 	C:\WINDOWS\system32\USER32.dll
0x00007ffb66320000 - 0x00007ffb664a6000 	C:\WINDOWS\system32\GDI32.dll
0x00007ffb59c10000 - 0x00007ffb59e84000 	C:\WINDOWS\WinSxS\amd64_microsoft.windows.common-controls_6595b64144ccf1df_6.0.10586.589_none_a2ddb3caa539acce\COMCTL32.dll
0x00007ffb669b0000 - 0x00007ffb66c2d000 	C:\WINDOWS\system32\combase.dll
0x00007ffb65660000 - 0x00007ffb656ca000 	C:\WINDOWS\system32\bcryptPrimitives.dll
0x00007ffb65f90000 - 0x00007ffb65fcb000 	C:\WINDOWS\system32\IMM32.DLL
0x00000000620e0000 - 0x00000000621b2000 	C:\Program Files\Java\jdk1.8.0_60\jre\bin\msvcr100.dll
0x0000000061850000 - 0x00000000620d9000 	C:\Program Files\Java\jdk1.8.0_60\jre\bin\server\jvm.dll
0x00007ffb666b0000 - 0x00007ffb666b8000 	C:\WINDOWS\system32\PSAPI.DLL
0x00007ffb572c0000 - 0x00007ffb572c9000 	C:\WINDOWS\SYSTEM32\WSOCK32.dll
0x00007ffb662b0000 - 0x00007ffb6631b000 	C:\WINDOWS\system32\WS2_32.dll
0x00007ffb636c0000 - 0x00007ffb636e3000 	C:\WINDOWS\SYSTEM32\WINMM.dll
0x00007ffb57f00000 - 0x00007ffb57f0a000 	C:\WINDOWS\SYSTEM32\VERSION.dll
0x00007ffb632c0000 - 0x00007ffb632ec000 	C:\WINDOWS\SYSTEM32\WINMMBASE.dll
0x00007ffb65780000 - 0x00007ffb657c3000 	C:\WINDOWS\system32\cfgmgr32.dll
0x0000000061840000 - 0x000000006184f000 	C:\Program Files\Java\jdk1.8.0_60\jre\bin\verify.dll
0x0000000061810000 - 0x0000000061839000 	C:\Program Files\Java\jdk1.8.0_60\jre\bin\java.dll
0x00000000617f0000 - 0x0000000061806000 	C:\Program Files\Java\jdk1.8.0_60\jre\bin\zip.dll
0x00007ffb67360000 - 0x00007ffb688bc000 	C:\WINDOWS\system32\SHELL32.dll
0x00007ffb657d0000 - 0x00007ffb65e15000 	C:\WINDOWS\system32\windows.storage.dll
0x00007ffb66c30000 - 0x00007ffb66c82000 	C:\WINDOWS\system32\shlwapi.dll
0x00007ffb65120000 - 0x00007ffb6512f000 	C:\WINDOWS\system32\kernel.appcore.dll
0x00007ffb65300000 - 0x00007ffb653b5000 	C:\WINDOWS\system32\shcore.dll
0x00007ffb650c0000 - 0x00007ffb6510b000 	C:\WINDOWS\system32\powrprof.dll
0x00007ffb650a0000 - 0x00007ffb650b4000 	C:\WINDOWS\system32\profapi.dll

VM Arguments:
jvm_args: -Djava.awt.headless=true -Xmx1024M -Dfile.encoding=windows-1252 -Duser.country=CO -Duser.language=es -Duser.variant 
java_command: com.android.dx.command.Main --dex --num-threads=4 --output C:\Users\gary\Downloads\Lab4FCM\app\build\intermediates\pre-dexed\release\com.google.firebase-firebase-database-connection-9.6.1_8d9bfafc8fd006d00f0030fe858cb37c74b778f5.jar C:\Users\gary\Downloads\Lab4FCM\app\build\intermediates\exploded-aar\com.google.firebase\firebase-database-connection\9.6.1\jars\classes.jar
java_class_path (initial): C:\Users\gary\AppData\Local\Android\sdk\build-tools\24.0.2\lib\dx.jar
Launcher Type: SUN_STANDARD

Environment Variables:
PATH=C:\oraclexe\app\oracle\product\11.2.0\server\bin;C:\ProgramData\Oracle\Java\javapath;C:\WINDOWS\system32;C:\WINDOWS;C:\WINDOWS\System32\Wbem;C:\WINDOWS\System32\WindowsPowerShell\v1.0\;C:\Program Files (x86)\ChucK\/bin;C:\Program Files (x86)\MySQL\MySQL Fabric 1.5 & MySQL Utilities 1.5\;C:\Program Files (x86)\MySQL\MySQL Fabric 1.5 & MySQL Utilities 1.5\Doctrine extensions for PHP\;C:\Program Files\Git\cmd;
USERNAME=gary
OS=Windows_NT
PROCESSOR_IDENTIFIER=Intel64 Family 6 Model 42 Stepping 7, GenuineIntel



---------------  S Y S T E M  ---------------

OS: Windows 10.0 , 64 bit Build 10586 (10.0.10586.589)

CPU:total 2 (2 cores per cpu, 1 threads per core) family 6 model 42 stepping 7, cmov, cx8, fxsr, mmx, sse, sse2, sse3, ssse3, sse4.1, sse4.2, popcnt, clmul, tsc, tscinvbit

Memory: 4k page, physical 5983780k(782968k free), swap 8681884k(3936k free)

vm_info: Java HotSpot(TM) 64-Bit Server VM (25.60-b23) for windows-amd64 JRE (1.8.0_60-b27), built on Aug  4 2015 11:06:27 by "java_re" with MS VC++ 10.0 (VS2010)

time: Tue Oct 18 11:36:32 2016
elapsed time: 6 seconds (0d 0h 0m 6s)

