#
# There is insufficient memory for the Java Runtime Environment to continue.
# Native memory allocation (malloc) failed to allocate 1187536 bytes for Chunk::new
# Possible reasons:
#   The system is out of physical RAM or swap space
#   In 32 bit mode, the process size limit was hit
# Possible solutions:
#   Reduce memory load on the system
#   Increase physical memory or swap space
#   Check if swap backing store is full
#   Use 64 bit Java on a 64 bit OS
#   Decrease Java heap size (-Xmx/-Xms)
#   Decrease number of Java threads
#   Decrease Java thread stack sizes (-Xss)
#   Set larger code cache with -XX:ReservedCodeCacheSize=
# This output file may be truncated or incomplete.
#
#  Out of Memory Error (allocation.cpp:390), pid=8544, tid=9140
#
# JRE version: Java(TM) SE Runtime Environment (8.0_60-b27) (build 1.8.0_60-b27)
# Java VM: Java HotSpot(TM) 64-Bit Server VM (25.60-b23 mixed mode windows-amd64 compressed oops)
# Failed to write core dump. Minidumps are not enabled by default on client versions of Windows
#

---------------  T H R E A D  ---------------

Current thread (0x0000000015619800):  JavaThread "C2 CompilerThread0" daemon [_thread_in_native, id=9140, stack(0x0000000016660000,0x0000000016760000)]

Stack: [0x0000000016660000,0x0000000016760000]
[error occurred during error reporting (printing stack bounds), id 0xc0000005]

Native frames: (J=compiled Java code, j=interpreted, Vv=VM code, C=native code)


Current CompileTask:
C2:   7613 1665       4       com.android.dx.ssa.LocalVariableExtractor::processBlock (383 bytes)


---------------  P R O C E S S  ---------------

Java Threads: ( => current thread )
  0x0000000016ce0800 JavaThread "pool-1-thread-4" [_thread_in_Java, id=3152, stack(0x0000000017260000,0x0000000017360000)]
  0x0000000016cde000 JavaThread "pool-1-thread-3" [_thread_in_Java, id=10780, stack(0x0000000017160000,0x0000000017260000)]
  0x0000000016cd8000 JavaThread "pool-1-thread-2" [_thread_in_Java, id=10996, stack(0x0000000017060000,0x0000000017160000)]
  0x0000000016c5d800 JavaThread "pool-2-thread-1" [_thread_blocked, id=10628, stack(0x0000000016f60000,0x0000000017060000)]
  0x0000000016c62000 JavaThread "pool-1-thread-1" [_thread_blocked, id=10008, stack(0x0000000016e60000,0x0000000016f60000)]
  0x0000000015680800 JavaThread "Service Thread" daemon [_thread_blocked, id=7756, stack(0x0000000016860000,0x0000000016960000)]
  0x0000000015669800 JavaThread "C1 CompilerThread1" daemon [_thread_blocked, id=4324, stack(0x0000000016760000,0x0000000016860000)]
=>0x0000000015619800 JavaThread "C2 CompilerThread0" daemon [_thread_in_native, id=9140, stack(0x0000000016660000,0x0000000016760000)]
  0x0000000015617800 JavaThread "Attach Listener" daemon [_thread_blocked, id=3768, stack(0x0000000016560000,0x0000000016660000)]
  0x0000000015614000 JavaThread "Signal Dispatcher" daemon [_thread_blocked, id=11044, stack(0x0000000016460000,0x0000000016560000)]
  0x000000000317d800 JavaThread "Finalizer" daemon [_thread_blocked, id=5452, stack(0x0000000016260000,0x0000000016360000)]
  0x000000000317a800 JavaThread "Reference Handler" daemon [_thread_blocked, id=10636, stack(0x0000000016160000,0x0000000016260000)]
  0x0000000003090800 JavaThread "main" [_thread_in_vm, id=1060, stack(0x0000000002df0000,0x0000000002ef0000)]

Other Threads:
  0x00000000155e6000 VMThread [stack: 0x0000000016060000,0x0000000016160000] [id=9932]
  0x0000000015685800 WatcherThread [stack: 0x0000000016960000,0x0000000016a60000] [id=1468]

VM state:not at safepoint (normal execution)

VM Mutex/Monitor currently owned by a thread: None

Heap:
 PSYoungGen      total 51712K, used 50195K [0x00000000eab00000, 0x00000000ee100000, 0x0000000100000000)
  eden space 48128K, 96% used [0x00000000eab00000,0x00000000ed88a6b8,0x00000000eda00000)
  from space 3584K, 99% used [0x00000000edd80000,0x00000000ee0fa600,0x00000000ee100000)
  to   space 3584K, 0% used [0x00000000eda00000,0x00000000eda00000,0x00000000edd80000)
 ParOldGen       total 62976K, used 12441K [0x00000000c0000000, 0x00000000c3d80000, 0x00000000eab00000)
  object space 62976K, 19% used [0x00000000c0000000,0x00000000c0c26768,0x00000000c3d80000)
 Metaspace       used 6172K, capacity 7096K, committed 7296K, reserved 1056768K
  class space    used 609K, capacity 624K, committed 640K, reserved 1048576K

Card table byte_map: [0x0000000012550000,0x0000000012760000] byte_map_base: 0x0000000011f50000

Marking Bits: (ParMarkBitMap*) 0x000000006205a5b0
 Begin Bits: [0x0000000012ac0000, 0x0000000013ac0000)
 End Bits:   [0x0000000013ac0000, 0x0000000014ac0000)

Polling page: 0x0000000001680000

CodeCache: size=245760Kb used=6637Kb max_used=6653Kb free=239122Kb
 bounds [0x0000000003190000, 0x0000000003820000, 0x0000000012190000]
 total_blobs=1914 nmethods=1652 adapters=176
 compilation: enabled

Compilation events (10 events):
Event: 7.362 Thread 0x0000000015669800 1670       2       com.android.dx.dex.file.ClassDefItem::addDirectMethod (9 bytes)
Event: 7.363 Thread 0x0000000015669800 nmethod 1670 0x00000000037fbe50 code [0x00000000037fbfe0, 0x00000000037fc318]
Event: 7.383 Thread 0x0000000015669800 1671       2       com.android.dx.cf.attrib.InnerClassList$Item::<init> (40 bytes)
Event: 7.383 Thread 0x0000000015669800 nmethod 1671 0x00000000037fb990 code [0x00000000037fbb00, 0x00000000037fbd48]
Event: 7.399 Thread 0x0000000015669800 1672       2       com.android.dx.cf.cst.ConstantPoolParser::parse (365 bytes)
Event: 7.401 Thread 0x0000000015669800 nmethod 1672 0x00000000037f5050 code [0x00000000037f5420, 0x00000000037f67e8]
Event: 7.528 Thread 0x0000000015669800 1673       2       com.android.dx.ssa.PhiInsn::updateSourcesToDefinitions (68 bytes)
Event: 7.529 Thread 0x0000000015669800 nmethod 1673 0x00000000037fb090 code [0x00000000037fb240, 0x00000000037fb5f8]
Event: 7.569 Thread 0x0000000015669800 1675       1       com.android.dx.dex.code.RopTranslator::access$100 (5 bytes)
Event: 7.569 Thread 0x0000000015669800 nmethod 1675 0x00000000037f4d90 code [0x00000000037f4ee0, 0x00000000037f4fd0]

GC Heap History (8 events):
Event: 3.547 GC heap before
{Heap before GC invocations=1 (full 0):
 PSYoungGen      total 27648K, used 24064K [0x00000000eab00000, 0x00000000ec980000, 0x0000000100000000)
  eden space 24064K, 100% used [0x00000000eab00000,0x00000000ec280000,0x00000000ec280000)
  from space 3584K, 0% used [0x00000000ec600000,0x00000000ec600000,0x00000000ec980000)
  to   space 3584K, 0% used [0x00000000ec280000,0x00000000ec280000,0x00000000ec600000)
 ParOldGen       total 62976K, used 0K [0x00000000c0000000, 0x00000000c3d80000, 0x00000000eab00000)
  object space 62976K, 0% used [0x00000000c0000000,0x00000000c0000000,0x00000000c3d80000)
 Metaspace       used 5766K, capacity 6832K, committed 7040K, reserved 1056768K
  class space    used 583K, capacity 616K, committed 640K, reserved 1048576K
Event: 3.560 GC heap after
Heap after GC invocations=1 (full 0):
 PSYoungGen      total 27648K, used 3574K [0x00000000eab00000, 0x00000000ec980000, 0x0000000100000000)
  eden space 24064K, 0% used [0x00000000eab00000,0x00000000eab00000,0x00000000ec280000)
  from space 3584K, 99% used [0x00000000ec280000,0x00000000ec5fd8d8,0x00000000ec600000)
  to   space 3584K, 0% used [0x00000000ec600000,0x00000000ec600000,0x00000000ec980000)
 ParOldGen       total 62976K, used 1456K [0x00000000c0000000, 0x00000000c3d80000, 0x00000000eab00000)
  object space 62976K, 2% used [0x00000000c0000000,0x00000000c016c1a8,0x00000000c3d80000)
 Metaspace       used 5766K, capacity 6832K, committed 7040K, reserved 1056768K
  class space    used 583K, capacity 616K, committed 640K, reserved 1048576K
}
Event: 4.463 GC heap before
{Heap before GC invocations=2 (full 0):
 PSYoungGen      total 27648K, used 27638K [0x00000000eab00000, 0x00000000ec980000, 0x0000000100000000)
  eden space 24064K, 100% used [0x00000000eab00000,0x00000000ec280000,0x00000000ec280000)
  from space 3584K, 99% used [0x00000000ec280000,0x00000000ec5fd8d8,0x00000000ec600000)
  to   space 3584K, 0% used [0x00000000ec600000,0x00000000ec600000,0x00000000ec980000)
 ParOldGen       total 62976K, used 1456K [0x00000000c0000000, 0x00000000c3d80000, 0x00000000eab00000)
  object space 62976K, 2% used [0x00000000c0000000,0x00000000c016c1a8,0x00000000c3d80000)
 Metaspace       used 5947K, capacity 7024K, committed 7296K, reserved 1056768K
  class space    used 586K, capacity 616K, committed 640K, reserved 1048576K
Event: 4.666 GC heap after
Heap after GC invocations=2 (full 0):
 PSYoungGen      total 27648K, used 3578K [0x00000000eab00000, 0x00000000ee100000, 0x0000000100000000)
  eden space 24064K, 0% used [0x00000000eab00000,0x00000000eab00000,0x00000000ec280000)
  from space 3584K, 99% used [0x00000000ec600000,0x00000000ec97eaa8,0x00000000ec980000)
  to   space 3584K, 0% used [0x00000000ec280000,0x00000000ec280000,0x00000000ec600000)
 ParOldGen       total 62976K, used 4368K [0x00000000c0000000, 0x00000000c3d80000, 0x00000000eab00000)
  object space 62976K, 6% used [0x00000000c0000000,0x00000000c0444178,0x00000000c3d80000)
 Metaspace       used 5947K, capacity 7024K, committed 7296K, reserved 1056768K
  class space    used 586K, capacity 616K, committed 640K, reserved 1048576K
}
Event: 6.031 GC heap before
{Heap before GC invocations=3 (full 0):
 PSYoungGen      total 27648K, used 27642K [0x00000000eab00000, 0x00000000ee100000, 0x0000000100000000)
  eden space 24064K, 100% used [0x00000000eab00000,0x00000000ec280000,0x00000000ec280000)
  from space 3584K, 99% used [0x00000000ec600000,0x00000000ec97eaa8,0x00000000ec980000)
  to   space 3584K, 0% used [0x00000000ec280000,0x00000000ec280000,0x00000000ec600000)
 ParOldGen       total 62976K, used 4368K [0x00000000c0000000, 0x00000000c3d80000, 0x00000000eab00000)
  object space 62976K, 6% used [0x00000000c0000000,0x00000000c0444178,0x00000000c3d80000)
 Metaspace       used 6043K, capacity 7088K, committed 7296K, reserved 1056768K
  class space    used 589K, capacity 616K, committed 640K, reserved 1048576K
Event: 6.202 GC heap after
Heap after GC invocations=3 (full 0):
 PSYoungGen      total 27648K, used 3561K [0x00000000eab00000, 0x00000000ee100000, 0x0000000100000000)
  eden space 24064K, 0% used [0x00000000eab00000,0x00000000eab00000,0x00000000ec280000)
  from space 3584K, 99% used [0x00000000ec280000,0x00000000ec5fa620,0x00000000ec600000)
  to   space 3584K, 0% used [0x00000000edd80000,0x00000000edd80000,0x00000000ee100000)
 ParOldGen       total 62976K, used 9052K [0x00000000c0000000, 0x00000000c3d80000, 0x00000000eab00000)
  object space 62976K, 14% used [0x00000000c0000000,0x00000000c08d7268,0x00000000c3d80000)
 Metaspace       used 6043K, capacity 7088K, committed 7296K, reserved 1056768K
  class space    used 589K, capacity 616K, committed 640K, reserved 1048576K
}
Event: 6.812 GC heap before
{Heap before GC invocations=4 (full 0):
 PSYoungGen      total 27648K, used 27625K [0x00000000eab00000, 0x00000000ee100000, 0x0000000100000000)
  eden space 24064K, 100% used [0x00000000eab00000,0x00000000ec280000,0x00000000ec280000)
  from space 3584K, 99% used [0x00000000ec280000,0x00000000ec5fa620,0x00000000ec600000)
  to   space 3584K, 0% used [0x00000000edd80000,0x00000000edd80000,0x00000000ee100000)
 ParOldGen       total 62976K, used 9052K [0x00000000c0000000, 0x00000000c3d80000, 0x00000000eab00000)
  object space 62976K, 14% used [0x00000000c0000000,0x00000000c08d7268,0x00000000c3d80000)
 Metaspace       used 6155K, capacity 7096K, committed 7296K, reserved 1056768K
  class space    used 609K, capacity 624K, committed 640K, reserved 1048576K
Event: 6.843 GC heap after
Heap after GC invocations=4 (full 0):
 PSYoungGen      total 51712K, used 3561K [0x00000000eab00000, 0x00000000ee100000, 0x0000000100000000)
  eden space 48128K, 0% used [0x00000000eab00000,0x00000000eab00000,0x00000000eda00000)
  from space 3584K, 99% used [0x00000000edd80000,0x00000000ee0fa600,0x00000000ee100000)
  to   space 3584K, 0% used [0x00000000eda00000,0x00000000eda00000,0x00000000edd80000)
 ParOldGen       total 62976K, used 12441K [0x00000000c0000000, 0x00000000c3d80000, 0x00000000eab00000)
  object space 62976K, 19% used [0x00000000c0000000,0x00000000c0c26768,0x00000000c3d80000)
 Metaspace       used 6155K, capacity 7096K, committed 7296K, reserved 1056768K
  class space    used 609K, capacity 624K, committed 640K, reserved 1048576K
}

Deoptimization events (10 events):
Event: 3.604 Thread 0x0000000003090800 Uncommon trap: reason=bimorphic action=maybe_recompile pc=0x000000000341e89c method=java.util.HashMap.getNode(ILjava/lang/Object;)Ljava/util/HashMap$Node; @ 126
Event: 3.604 Thread 0x0000000003090800 Uncommon trap: reason=unstable_if action=reinterpret pc=0x00000000035f5ddc method=com.android.dx.rop.cst.Constant.compareTo(Lcom/android/dx/rop/cst/Constant;)I @ 12
Event: 6.394 Thread 0x0000000016cde000 Uncommon trap: reason=bimorphic action=maybe_recompile pc=0x000000000375ac6c method=com.android.dx.cf.code.BytecodeArray.parseInstruction(ILcom/android/dx/cf/code/BytecodeArray$Visitor;)I @ 1501
Event: 6.397 Thread 0x0000000016cde000 Uncommon trap: reason=bimorphic action=maybe_recompile pc=0x000000000375ac6c method=com.android.dx.cf.code.BytecodeArray.parseInstruction(ILcom/android/dx/cf/code/BytecodeArray$Visitor;)I @ 1501
Event: 6.466 Thread 0x0000000016cd8000 Uncommon trap: reason=unstable_if action=reinterpret pc=0x0000000003550630 method=java.util.HashMap.putVal(ILjava/lang/Object;Ljava/lang/Object;ZZ)Ljava/lang/Object; @ 162
Event: 6.485 Thread 0x0000000016cd8000 Uncommon trap: reason=bimorphic action=maybe_recompile pc=0x000000000375b46c method=com.android.dx.cf.code.BytecodeArray.parseInstruction(ILcom/android/dx/cf/code/BytecodeArray$Visitor;)I @ 907
Event: 6.485 Thread 0x0000000016cd8000 Uncommon trap: reason=bimorphic action=maybe_recompile pc=0x000000000375b46c method=com.android.dx.cf.code.BytecodeArray.parseInstruction(ILcom/android/dx/cf/code/BytecodeArray$Visitor;)I @ 907
Event: 6.514 Thread 0x0000000016ce0800 Uncommon trap: reason=unstable_if action=reinterpret pc=0x000000000362db14 method=java.util.HashMap.getNode(ILjava/lang/Object;)Ljava/util/HashMap$Node; @ 84
Event: 6.753 Thread 0x0000000016cd8000 Uncommon trap: reason=unstable_if action=reinterpret pc=0x00000000036e7b7c method=com.android.dx.util.IntList.binarysearch(I)I @ 105
Event: 6.869 Thread 0x0000000016ce0800 Uncommon trap: reason=unstable_if action=reinterpret pc=0x00000000037a4820 method=java.util.HashMap.putVal(ILjava/lang/Object;Ljava/lang/Object;ZZ)Ljava/lang/Object; @ 109

Internal exceptions (6 events):
Event: 1.078 Thread 0x0000000003090800 Exception <a 'java/lang/NoSuchMethodError': Method sun.misc.Unsafe.defineClass(Ljava/lang/String;[BII)Ljava/lang/Class; name or signature does not match> (0x00000000eab0d590) thrown at [C:\re\workspace\8-2-build-windows-amd64-cygwin\jdk8u60\4407\hotspot\sr~ýP-?ñ?
Event: 1.078 Thread 0x0000000003090800 Exception <a 'java/lang/NoSuchMethodError': Method sun.misc.Unsafe.prefetchRead(Ljava/lang/Object;J)V name or signature does not match> (0x00000000eab0d878) thrown at [C:\re\workspace\8-2-build-windows-amd64-cygwin\jdk8u60\4407\hotspot\src\share\vm\prims\jå{c/§@
Event: 3.582 Thread 0x0000000016cd8000 Implicit null exception at 0x00000000035f153d to 0x00000000035f2375
Event: 6.474 Thread 0x0000000016cd8000 Exception <a 'java/lang/ArrayIndexOutOfBoundsException': 18> (0x00000000eb41c398) thrown at [C:\re\workspace\8-2-build-windows-amd64-cygwin\jdk8u60\4407\hotspot\src\share\vm\interpreter\interpreterRuntime.cpp, line 366]
Event: 6.476 Thread 0x0000000016cd8000 Exception <a 'java/lang/ArrayIndexOutOfBoundsException'> (0x00000000eb41df18) thrown at [C:\re\workspace\8-2-build-windows-amd64-cygwin\jdk8u60\4407\hotspot\src\share\vm\runtime\sharedRuntime.cpp, line 605]
Event: 6.478 Thread 0x0000000016cd8000 Exception <a 'java/lang/ArrayIndexOutOfBoundsException'> (0x00000000eb41f200) thrown at [C:\re\workspace\8-2-build-windows-amd64-cygwin\jdk8u60\4407\hotspot\src\share\vm\runtime\sharedRuntime.cpp, line 605]

Events (10 events):
Event: 7.172 Thread 0x0000000016ce0800 DEOPT PACKING pc=0x00000000036adec5 sp=0x000000001735e8d0
Event: 7.172 Thread 0x0000000016ce0800 DEOPT UNPACKING pc=0x00000000031d747f sp=0x000000001735e600 mode 0
Event: 7.179 Thread 0x0000000003090800 DEOPT PACKING pc=0x0000000003628fe2 sp=0x0000000002eee040
Event: 7.179 Thread 0x0000000003090800 DEOPT UNPACKING pc=0x00000000031d747f sp=0x0000000002eedd78 mode 0
Event: 7.196 Thread 0x0000000003090800 DEOPT PACKING pc=0x00000000037bb0d9 sp=0x0000000002eedf20
Event: 7.196 Thread 0x0000000003090800 DEOPT UNPACKING pc=0x00000000031d747f sp=0x0000000002eedc18 mode 0
Event: 7.233 Thread 0x0000000016c62000 DEOPT PACKING pc=0x0000000003618785 sp=0x0000000016f5ea60
Event: 7.233 Thread 0x0000000016c62000 DEOPT UNPACKING pc=0x00000000031d747f sp=0x0000000016f5e798 mode 0
Event: 7.257 Thread 0x0000000016cd8000 DEOPT PACKING pc=0x0000000003517ecc sp=0x000000001715ec00
Event: 7.257 Thread 0x0000000016cd8000 DEOPT UNPACKING pc=0x00000000031d747f sp=0x000000001715e918 mode 0


Dynamic libraries:
0x00007ff78fea0000 - 0x00007ff78fed7000 	C:\Program Files\Java\jdk1.8.0_60\bin\java.exe
0x00007ffb68a80000 - 0x00007ffb68c41000 	C:\WINDOWS\SYSTEM32\ntdll.dll
0x00007ffb66130000 - 0x00007ffb661dd000 	C:\WINDOWS\system32\KERNEL32.DLL
0x00007ffb65470000 - 0x00007ffb65658000 	C:\WINDOWS\system32\KERNELBASE.dll
0x00007ffb67250000 - 0x00007ffb672f7000 	C:\WINDOWS\system32\ADVAPI32.dll
0x00007ffb664b0000 - 0x00007ffb6654d000 	C:\WINDOWS\system32\msvcrt.dll
0x00007ffb67300000 - 0x00007ffb6735b000 	C:\WINDOWS\system32\sechost.dll
0x00007ffb670d0000 - 0x00007ffb671ec000 	C:\WINDOWS\system32\RPCRT4.dll
0x00007ffb68920000 - 0x00007ffb68a76000 	C:\WINDOWS\system32\USER32.dll
0x00007ffb66320000 - 0x00007ffb664a6000 	C:\WINDOWS\system32\GDI32.dll
0x00007ffb59c10000 - 0x00007ffb59e84000 	C:\WINDOWS\WinSxS\amd64_microsoft.windows.common-controls_6595b64144ccf1df_6.0.10586.589_none_a2ddb3caa539acce\COMCTL32.dll
0x00007ffb669b0000 - 0x00007ffb66c2d000 	C:\WINDOWS\system32\combase.dll
0x00007ffb65660000 - 0x00007ffb656ca000 	C:\WINDOWS\system32\bcryptPrimitives.dll
0x00007ffb65f90000 - 0x00007ffb65fcb000 	C:\WINDOWS\system32\IMM32.DLL
0x00000000620e0000 - 0x00000000621b2000 	C:\Program Files\Java\jdk1.8.0_60\jre\bin\msvcr100.dll
0x0000000061850000 - 0x00000000620d9000 	C:\Program Files\Java\jdk1.8.0_60\jre\bin\server\jvm.dll
0x00007ffb666b0000 - 0x00007ffb666b8000 	C:\WINDOWS\system32\PSAPI.DLL
0x00007ffb572c0000 - 0x00007ffb572c9000 	C:\WINDOWS\SYSTEM32\WSOCK32.dll
0x00007ffb662b0000 - 0x00007ffb6631b000 	C:\WINDOWS\system32\WS2_32.dll
0x00007ffb636c0000 - 0x00007ffb636e3000 	C:\WINDOWS\SYSTEM32\WINMM.dll
0x00007ffb57f00000 - 0x00007ffb57f0a000 	C:\WINDOWS\SYSTEM32\VERSION.dll
0x00007ffb632c0000 - 0x00007ffb632ec000 	C:\WINDOWS\SYSTEM32\WINMMBASE.dll
0x00007ffb65780000 - 0x00007ffb657c3000 	C:\WINDOWS\system32\cfgmgr32.dll
0x0000000061840000 - 0x000000006184f000 	C:\Program Files\Java\jdk1.8.0_60\jre\bin\verify.dll
0x0000000061810000 - 0x0000000061839000 	C:\Program Files\Java\jdk1.8.0_60\jre\bin\java.dll
0x00000000617f0000 - 0x0000000061806000 	C:\Program Files\Java\jdk1.8.0_60\jre\bin\zip.dll
0x00007ffb67360000 - 0x00007ffb688bc000 	C:\WINDOWS\system32\SHELL32.dll
0x00007ffb657d0000 - 0x00007ffb65e15000 	C:\WINDOWS\system32\windows.storage.dll
0x00007ffb66c30000 - 0x00007ffb66c82000 	C:\WINDOWS\system32\shlwapi.dll
0x00007ffb65120000 - 0x00007ffb6512f000 	C:\WINDOWS\system32\kernel.appcore.dll
0x00007ffb65300000 - 0x00007ffb653b5000 	C:\WINDOWS\system32\shcore.dll
0x00007ffb650c0000 - 0x00007ffb6510b000 	C:\WINDOWS\system32\powrprof.dll
0x00007ffb650a0000 - 0x00007ffb650b4000 	C:\WINDOWS\system32\profapi.dll

VM Arguments:
jvm_args: -Djava.awt.headless=true -Xmx1024M -Dfile.encoding=windows-1252 -Duser.country=CO -Duser.language=es -Duser.variant 
java_command: com.android.dx.command.Main --dex --num-threads=4 --output C:\Users\gary\Downloads\Lab4FCM\app\build\intermediates\pre-dexed\release\com.android.support-recyclerview-v7-24.2.1_d45db1e40fa7789108e5632da5865fae4f190972.jar C:\Users\gary\Downloads\Lab4FCM\app\build\intermediates\exploded-aar\com.android.support\recyclerview-v7\24.2.1\jars\classes.jar
java_class_path (initial): C:\Users\gary\AppData\Local\Android\sdk\build-tools\24.0.2\lib\dx.jar
Launcher Type: SUN_STANDARD

Environment Variables:
PATH=C:\oraclexe\app\oracle\product\11.2.0\server\bin;C:\ProgramData\Oracle\Java\javapath;C:\WINDOWS\system32;C:\WINDOWS;C:\WINDOWS\System32\Wbem;C:\WINDOWS\System32\WindowsPowerShell\v1.0\;C:\Program Files (x86)\ChucK\/bin;C:\Program Files (x86)\MySQL\MySQL Fabric 1.5 & MySQL Utilities 1.5\;C:\Program Files (x86)\MySQL\MySQL Fabric 1.5 & MySQL Utilities 1.5\Doctrine extensions for PHP\;C:\Program Files\Git\cmd;
USERNAME=gary
OS=Windows_NT
PROCESSOR_IDENTIFIER=Intel64 Family 6 Model 42 Stepping 7, GenuineIntel



---------------  S Y S T E M  ---------------

OS: Windows 10.0 , 64 bit Build 10586 (10.0.10586.589)

CPU:total 2 (2 cores per cpu, 1 threads per core) family 6 model 42 stepping 7, cmov, cx8, fxsr, mmx, sse, sse2, sse3, ssse3, sse4.1, sse4.2, popcnt, clmul, tsc, tscinvbit

Memory: 4k page, physical 5983780k(786956k free), swap 8681884k(5892k free)

vm_info: Java HotSpot(TM) 64-Bit Server VM (25.60-b23) for windows-amd64 JRE (1.8.0_60-b27), built on Aug  4 2015 11:06:27 by "java_re" with MS VC++ 10.0 (VS2010)

time: Tue Oct 18 11:36:32 2016
elapsed time: 7 seconds (0d 0h 0m 7s)

