#
# There is insufficient memory for the Java Runtime Environment to continue.
# Native memory allocation (malloc) failed to allocate 733056 bytes for Chunk::new
# Possible reasons:
#   The system is out of physical RAM or swap space
#   In 32 bit mode, the process size limit was hit
# Possible solutions:
#   Reduce memory load on the system
#   Increase physical memory or swap space
#   Check if swap backing store is full
#   Use 64 bit Java on a 64 bit OS
#   Decrease Java heap size (-Xmx/-Xms)
#   Decrease number of Java threads
#   Decrease Java thread stack sizes (-Xss)
#   Set larger code cache with -XX:ReservedCodeCacheSize=
# This output file may be truncated or incomplete.
#
#  Out of Memory Error (allocation.cpp:390), pid=5032, tid=9140
#
# JRE version: Java(TM) SE Runtime Environment (8.0_60-b27) (build 1.8.0_60-b27)
# Java VM: Java HotSpot(TM) 64-Bit Server VM (25.60-b23 mixed mode windows-amd64 compressed oops)
# Failed to write core dump. Minidumps are not enabled by default on client versions of Windows
#

---------------  T H R E A D  ---------------

Current thread (0x0000000015479800):  JavaThread "C2 CompilerThread0" daemon [_thread_in_native, id=9140, stack(0x00000000164b0000,0x00000000165b0000)]

Stack: [0x00000000164b0000,0x00000000165b0000]
[error occurred during error reporting (printing stack bounds), id 0xc0000005]

Native frames: (J=compiled Java code, j=interpreted, Vv=VM code, C=native code)


Current CompileTask:
C2:   8267 1788       4       com.android.dx.dex.code.OutputFinisher::addConstants (93 bytes)


---------------  P R O C E S S  ---------------

Java Threads: ( => current thread )
  0x00000000154da800 JavaThread "Service Thread" daemon [_thread_blocked, id=11132, stack(0x00000000166b0000,0x00000000167b0000)]
  0x00000000154d4000 JavaThread "C1 CompilerThread1" daemon [_thread_blocked, id=8308, stack(0x00000000165b0000,0x00000000166b0000)]
=>0x0000000015479800 JavaThread "C2 CompilerThread0" daemon [_thread_in_native, id=9140, stack(0x00000000164b0000,0x00000000165b0000)]
  0x0000000015477800 JavaThread "Attach Listener" daemon [_thread_blocked, id=2360, stack(0x00000000163b0000,0x00000000164b0000)]
  0x0000000015474800 JavaThread "Signal Dispatcher" daemon [_thread_blocked, id=6124, stack(0x00000000162b0000,0x00000000163b0000)]
  0x0000000002fdd800 JavaThread "Finalizer" daemon [_thread_blocked, id=11024, stack(0x00000000160b0000,0x00000000161b0000)]
  0x0000000002fda800 JavaThread "Reference Handler" daemon [_thread_blocked, id=1660, stack(0x0000000015fb0000,0x00000000160b0000)]
  0x0000000002ef0800 JavaThread "main" [_thread_in_Java, id=8172, stack(0x0000000002df0000,0x0000000002ef0000)]

Other Threads:
  0x0000000015446000 VMThread [stack: 0x0000000015eb0000,0x0000000015fb0000] [id=3152]
  0x00000000154e8000 WatcherThread [stack: 0x00000000167b0000,0x00000000168b0000] [id=4732]

VM state:not at safepoint (normal execution)

VM Mutex/Monitor currently owned by a thread: None

Heap:
 PSYoungGen      total 51712K, used 15136K [0x00000000eab00000, 0x00000000ee100000, 0x0000000100000000)
  eden space 48128K, 24% used [0x00000000eab00000,0x00000000eb648848,0x00000000eda00000)
  from space 3584K, 99% used [0x00000000eda00000,0x00000000edd7f800,0x00000000edd80000)
  to   space 3584K, 0% used [0x00000000edd80000,0x00000000edd80000,0x00000000ee100000)
 ParOldGen       total 62976K, used 19472K [0x00000000c0000000, 0x00000000c3d80000, 0x00000000eab00000)
  object space 62976K, 30% used [0x00000000c0000000,0x00000000c13042d8,0x00000000c3d80000)
 Metaspace       used 6246K, capacity 7216K, committed 7296K, reserved 1056768K
  class space    used 596K, capacity 616K, committed 640K, reserved 1048576K

Card table byte_map: [0x00000000123b0000,0x00000000125c0000] byte_map_base: 0x0000000011db0000

Marking Bits: (ParMarkBitMap*) 0x000000006205a5b0
 Begin Bits: [0x0000000012920000, 0x0000000013920000)
 End Bits:   [0x0000000013920000, 0x0000000014920000)

Polling page: 0x0000000000de0000

CodeCache: size=245760Kb used=7317Kb max_used=7317Kb free=238442Kb
 bounds [0x0000000002ff0000, 0x0000000003720000, 0x0000000011ff0000]
 total_blobs=2062 nmethods=1799 adapters=176
 compilation: enabled

Compilation events (10 events):
Event: 7.790 Thread 0x00000000154d4000 nmethod 1783 0x0000000003707710 code [0x0000000003707880, 0x0000000003707a88]
Event: 7.790 Thread 0x0000000015479800 1784       4       com.android.dx.rop.code.RegisterSpecSet::size (49 bytes)
Event: 7.793 Thread 0x0000000015479800 nmethod 1784 0x00000000036f5d50 code [0x00000000036f5e80, 0x00000000036f5fb8]
Event: 7.794 Thread 0x0000000015479800 1785       4       com.android.dx.rop.cst.CstFieldRef::compareTo0 (43 bytes)
Event: 7.799 Thread 0x0000000015479800 nmethod 1785 0x000000000370b510 code [0x000000000370b680, 0x000000000370bad8]
Event: 7.799 Thread 0x0000000015479800 1786       4       com.android.dx.rop.type.Type::compareTo (9 bytes)
Event: 7.799 Thread 0x00000000154d4000 1787       3       com.android.dx.rop.cst.CstType::hashCode (8 bytes)
Event: 7.800 Thread 0x00000000154d4000 nmethod 1787 0x0000000003707190 code [0x0000000003707300, 0x00000000037075e8]
Event: 7.801 Thread 0x0000000015479800 nmethod 1786 0x0000000003706d90 code [0x0000000003706ee0, 0x0000000003707058]
Event: 7.801 Thread 0x0000000015479800 1788       4       com.android.dx.dex.code.OutputFinisher::addConstants (93 bytes)

GC Heap History (10 events):
Event: 1.846 GC heap before
{Heap before GC invocations=1 (full 0):
 PSYoungGen      total 27648K, used 24064K [0x00000000eab00000, 0x00000000ec980000, 0x0000000100000000)
  eden space 24064K, 100% used [0x00000000eab00000,0x00000000ec280000,0x00000000ec280000)
  from space 3584K, 0% used [0x00000000ec600000,0x00000000ec600000,0x00000000ec980000)
  to   space 3584K, 0% used [0x00000000ec280000,0x00000000ec280000,0x00000000ec600000)
 ParOldGen       total 62976K, used 0K [0x00000000c0000000, 0x00000000c3d80000, 0x00000000eab00000)
  object space 62976K, 0% used [0x00000000c0000000,0x00000000c0000000,0x00000000c3d80000)
 Metaspace       used 5852K, capacity 6896K, committed 7040K, reserved 1056768K
  class space    used 588K, capacity 616K, committed 640K, reserved 1048576K
Event: 1.859 GC heap after
Heap after GC invocations=1 (full 0):
 PSYoungGen      total 27648K, used 3578K [0x00000000eab00000, 0x00000000ec980000, 0x0000000100000000)
  eden space 24064K, 0% used [0x00000000eab00000,0x00000000eab00000,0x00000000ec280000)
  from space 3584K, 99% used [0x00000000ec280000,0x00000000ec5feab8,0x00000000ec600000)
  to   space 3584K, 0% used [0x00000000ec600000,0x00000000ec600000,0x00000000ec980000)
 ParOldGen       total 62976K, used 1614K [0x00000000c0000000, 0x00000000c3d80000, 0x00000000eab00000)
  object space 62976K, 2% used [0x00000000c0000000,0x00000000c0193a00,0x00000000c3d80000)
 Metaspace       used 5852K, capacity 6896K, committed 7040K, reserved 1056768K
  class space    used 588K, capacity 616K, committed 640K, reserved 1048576K
}
Event: 2.629 GC heap before
{Heap before GC invocations=2 (full 0):
 PSYoungGen      total 27648K, used 27642K [0x00000000eab00000, 0x00000000ec980000, 0x0000000100000000)
  eden space 24064K, 100% used [0x00000000eab00000,0x00000000ec280000,0x00000000ec280000)
  from space 3584K, 99% used [0x00000000ec280000,0x00000000ec5feab8,0x00000000ec600000)
  to   space 3584K, 0% used [0x00000000ec600000,0x00000000ec600000,0x00000000ec980000)
 ParOldGen       total 62976K, used 1614K [0x00000000c0000000, 0x00000000c3d80000, 0x00000000eab00000)
  object space 62976K, 2% used [0x00000000c0000000,0x00000000c0193a00,0x00000000c3d80000)
 Metaspace       used 6037K, capacity 7088K, committed 7296K, reserved 1056768K
  class space    used 590K, capacity 616K, committed 640K, reserved 1048576K
Event: 2.662 GC heap after
Heap after GC invocations=2 (full 0):
 PSYoungGen      total 27648K, used 3571K [0x00000000eab00000, 0x00000000ee100000, 0x0000000100000000)
  eden space 24064K, 0% used [0x00000000eab00000,0x00000000eab00000,0x00000000ec280000)
  from space 3584K, 99% used [0x00000000ec600000,0x00000000ec97cdc0,0x00000000ec980000)
  to   space 3584K, 0% used [0x00000000ec280000,0x00000000ec280000,0x00000000ec600000)
 ParOldGen       total 62976K, used 4883K [0x00000000c0000000, 0x00000000c3d80000, 0x00000000eab00000)
  object space 62976K, 7% used [0x00000000c0000000,0x00000000c04c4e28,0x00000000c3d80000)
 Metaspace       used 6037K, capacity 7088K, committed 7296K, reserved 1056768K
  class space    used 590K, capacity 616K, committed 640K, reserved 1048576K
}
Event: 3.138 GC heap before
{Heap before GC invocations=3 (full 0):
 PSYoungGen      total 27648K, used 27635K [0x00000000eab00000, 0x00000000ee100000, 0x0000000100000000)
  eden space 24064K, 100% used [0x00000000eab00000,0x00000000ec280000,0x00000000ec280000)
  from space 3584K, 99% used [0x00000000ec600000,0x00000000ec97cdc0,0x00000000ec980000)
  to   space 3584K, 0% used [0x00000000ec280000,0x00000000ec280000,0x00000000ec600000)
 ParOldGen       total 62976K, used 4883K [0x00000000c0000000, 0x00000000c3d80000, 0x00000000eab00000)
  object space 62976K, 7% used [0x00000000c0000000,0x00000000c04c4e28,0x00000000c3d80000)
 Metaspace       used 6076K, capacity 7088K, committed 7296K, reserved 1056768K
  class space    used 590K, capacity 616K, committed 640K, reserved 1048576K
Event: 3.240 GC heap after
Heap after GC invocations=3 (full 0):
 PSYoungGen      total 27648K, used 3558K [0x00000000eab00000, 0x00000000ee100000, 0x0000000100000000)
  eden space 24064K, 0% used [0x00000000eab00000,0x00000000eab00000,0x00000000ec280000)
  from space 3584K, 99% used [0x00000000ec280000,0x00000000ec5f9a18,0x00000000ec600000)
  to   space 3584K, 0% used [0x00000000edd80000,0x00000000edd80000,0x00000000ee100000)
 ParOldGen       total 62976K, used 8634K [0x00000000c0000000, 0x00000000c3d80000, 0x00000000eab00000)
  object space 62976K, 13% used [0x00000000c0000000,0x00000000c086ea10,0x00000000c3d80000)
 Metaspace       used 6076K, capacity 7088K, committed 7296K, reserved 1056768K
  class space    used 590K, capacity 616K, committed 640K, reserved 1048576K
}
Event: 3.703 GC heap before
{Heap before GC invocations=4 (full 0):
 PSYoungGen      total 27648K, used 27622K [0x00000000eab00000, 0x00000000ee100000, 0x0000000100000000)
  eden space 24064K, 100% used [0x00000000eab00000,0x00000000ec280000,0x00000000ec280000)
  from space 3584K, 99% used [0x00000000ec280000,0x00000000ec5f9a18,0x00000000ec600000)
  to   space 3584K, 0% used [0x00000000edd80000,0x00000000edd80000,0x00000000ee100000)
 ParOldGen       total 62976K, used 8634K [0x00000000c0000000, 0x00000000c3d80000, 0x00000000eab00000)
  object space 62976K, 13% used [0x00000000c0000000,0x00000000c086ea10,0x00000000c3d80000)
 Metaspace       used 6090K, capacity 7088K, committed 7296K, reserved 1056768K
  class space    used 590K, capacity 616K, committed 640K, reserved 1048576K
Event: 3.744 GC heap after
Heap after GC invocations=4 (full 0):
 PSYoungGen      total 51712K, used 3573K [0x00000000eab00000, 0x00000000ee100000, 0x0000000100000000)
  eden space 48128K, 0% used [0x00000000eab00000,0x00000000eab00000,0x00000000eda00000)
  from space 3584K, 99% used [0x00000000edd80000,0x00000000ee0fd670,0x00000000ee100000)
  to   space 3584K, 0% used [0x00000000eda00000,0x00000000eda00000,0x00000000edd80000)
 ParOldGen       total 62976K, used 11913K [0x00000000c0000000, 0x00000000c3d80000, 0x00000000eab00000)
  object space 62976K, 18% used [0x00000000c0000000,0x00000000c0ba25d0,0x00000000c3d80000)
 Metaspace       used 6090K, capacity 7088K, committed 7296K, reserved 1056768K
  class space    used 590K, capacity 616K, committed 640K, reserved 1048576K
}
Event: 5.961 GC heap before
{Heap before GC invocations=5 (full 0):
 PSYoungGen      total 51712K, used 51701K [0x00000000eab00000, 0x00000000ee100000, 0x0000000100000000)
  eden space 48128K, 100% used [0x00000000eab00000,0x00000000eda00000,0x00000000eda00000)
  from space 3584K, 99% used [0x00000000edd80000,0x00000000ee0fd670,0x00000000ee100000)
  to   space 3584K, 0% used [0x00000000eda00000,0x00000000eda00000,0x00000000edd80000)
 ParOldGen       total 62976K, used 11913K [0x00000000c0000000, 0x00000000c3d80000, 0x00000000eab00000)
  object space 62976K, 18% used [0x00000000c0000000,0x00000000c0ba25d0,0x00000000c3d80000)
 Metaspace       used 6151K, capacity 7152K, committed 7296K, reserved 1056768K
  class space    used 591K, capacity 616K, committed 640K, reserved 1048576K
Event: 6.585 GC heap after
Heap after GC invocations=5 (full 0):
 PSYoungGen      total 51712K, used 3582K [0x00000000eab00000, 0x00000000ee100000, 0x0000000100000000)
  eden space 48128K, 0% used [0x00000000eab00000,0x00000000eab00000,0x00000000eda00000)
  from space 3584K, 99% used [0x00000000eda00000,0x00000000edd7f800,0x00000000edd80000)
  to   space 3584K, 0% used [0x00000000edd80000,0x00000000edd80000,0x00000000ee100000)
 ParOldGen       total 62976K, used 19472K [0x00000000c0000000, 0x00000000c3d80000, 0x00000000eab00000)
  object space 62976K, 30% used [0x00000000c0000000,0x00000000c13042d8,0x00000000c3d80000)
 Metaspace       used 6151K, capacity 7152K, committed 7296K, reserved 1056768K
  class space    used 591K, capacity 616K, committed 640K, reserved 1048576K
}

Deoptimization events (10 events):
Event: 4.103 Thread 0x0000000016af9000 Uncommon trap: reason=unstable_if action=reinterpret pc=0x0000000003598d48 method=com.android.dx.ssa.SCCP.simulateStmt(Lcom/android/dx/ssa/SsaInsn;)V @ 59
Event: 4.812 Thread 0x0000000002ef0800 Uncommon trap: reason=bimorphic action=maybe_recompile pc=0x00000000036a3830 method=com.android.dx.cf.code.BytecodeArray.parseInstruction(ILcom/android/dx/cf/code/BytecodeArray$Visitor;)I @ 2484
Event: 4.813 Thread 0x0000000002ef0800 Uncommon trap: reason=bimorphic action=maybe_recompile pc=0x00000000036a3830 method=com.android.dx.cf.code.BytecodeArray.parseInstruction(ILcom/android/dx/cf/code/BytecodeArray$Visitor;)I @ 2484
Event: 5.008 Thread 0x0000000016b03800 Uncommon trap: reason=unstable_if action=reinterpret pc=0x0000000003503f10 method=com.android.dx.rop.code.LocalItem.compareHandlesNulls(Lcom/android/dx/rop/cst/CstString;Lcom/android/dx/rop/cst/CstString;)I @ 14
Event: 7.112 Thread 0x0000000002ef0800 Uncommon trap: reason=class_check action=maybe_recompile pc=0x00000000035a8698 method=java.util.Arrays.hashCode([Ljava/lang/Object;)I @ 43
Event: 7.113 Thread 0x0000000002ef0800 Uncommon trap: reason=class_check action=maybe_recompile pc=0x00000000035a8698 method=java.util.Arrays.hashCode([Ljava/lang/Object;)I @ 43
Event: 7.113 Thread 0x0000000002ef0800 Uncommon trap: reason=class_check action=maybe_recompile pc=0x00000000035a8698 method=java.util.Arrays.hashCode([Ljava/lang/Object;)I @ 43
Event: 7.113 Thread 0x0000000002ef0800 Uncommon trap: reason=class_check action=maybe_recompile pc=0x00000000035a8698 method=java.util.Arrays.hashCode([Ljava/lang/Object;)I @ 43
Event: 7.113 Thread 0x0000000002ef0800 Uncommon trap: reason=class_check action=maybe_recompile pc=0x0000000003592778 method=java.util.Arrays.hashCode([Ljava/lang/Object;)I @ 43
Event: 7.139 Thread 0x0000000002ef0800 Uncommon trap: reason=class_check action=maybe_recompile pc=0x0000000003501f44 method=java.util.HashMap.putVal(ILjava/lang/Object;Ljava/lang/Object;ZZ)Ljava/lang/Object; @ 203

Internal exceptions (5 events):
Event: 0.261 Thread 0x0000000002ef0800 Exception <a 'java/lang/NoSuchMethodError': Method sun.misc.Unsafe.defineClass(Ljava/lang/String;[BII)Ljava/lang/Class; name or signature does not match> (0x00000000eab0d568) thrown at [C:\re\workspace\8-2-build-windows-amd64-cygwin\jdk8u60\4407\hotspot\sr>[˜ÍžµÐ?
Event: 0.261 Thread 0x0000000002ef0800 Exception <a 'java/lang/NoSuchMethodError': Method sun.misc.Unsafe.prefetchRead(Ljava/lang/Object;J)V name or signature does not match> (0x00000000eab0d850) thrown at [C:\re\workspace\8-2-build-windows-amd64-cygwin\jdk8u60\4407\hotspot\src\share\vm\prims\jî5¾íWêý?
Event: 1.870 Thread 0x0000000002ef0800 Implicit null exception at 0x00000000032b4ea7 to 0x00000000032b6665
Event: 1.889 Thread 0x0000000016af1000 Implicit null exception at 0x00000000034176a2 to 0x0000000003417792
Event: 5.007 Thread 0x0000000016b03800 Implicit null exception at 0x0000000003503d93 to 0x0000000003503efd

Events (10 events):
Event: 7.139 Thread 0x0000000002ef0800 Uncommon trap: trap_request=0xffffffde fr.pc=0x0000000003501f44
Event: 7.139 Thread 0x0000000002ef0800 DEOPT PACKING pc=0x0000000003501f44 sp=0x0000000002eeecd0
Event: 7.139 Thread 0x0000000002ef0800 DEOPT UNPACKING pc=0x000000000303582a sp=0x0000000002eeebf0 mode 2
Event: 7.162 Thread 0x0000000002ef0800 DEOPT PACKING pc=0x0000000003587482 sp=0x0000000002eeecf0
Event: 7.162 Thread 0x0000000002ef0800 DEOPT UNPACKING pc=0x000000000303747f sp=0x0000000002eeea20 mode 0
Event: 7.164 Thread 0x0000000002ef0800 DEOPT PACKING pc=0x00000000036ee494 sp=0x0000000002eeecd0
Event: 7.164 Thread 0x0000000002ef0800 DEOPT UNPACKING pc=0x000000000303747f sp=0x0000000002eeea60 mode 0
Event: 7.169 Thread 0x0000000016af1000 Thread exited: 0x0000000016af1000
Event: 7.411 Thread 0x0000000002ef0800 DEOPT PACKING pc=0x00000000036ec0b5 sp=0x0000000002eeec50
Event: 7.411 Thread 0x0000000002ef0800 DEOPT UNPACKING pc=0x000000000303747f sp=0x0000000002eee998 mode 0


Dynamic libraries:
0x00007ff78fea0000 - 0x00007ff78fed7000 	C:\Program Files\Java\jdk1.8.0_60\bin\java.exe
0x00007ffb68a80000 - 0x00007ffb68c41000 	C:\WINDOWS\SYSTEM32\ntdll.dll
0x00007ffb66130000 - 0x00007ffb661dd000 	C:\WINDOWS\system32\KERNEL32.DLL
0x00007ffb65470000 - 0x00007ffb65658000 	C:\WINDOWS\system32\KERNELBASE.dll
0x00007ffb67250000 - 0x00007ffb672f7000 	C:\WINDOWS\system32\ADVAPI32.dll
0x00007ffb664b0000 - 0x00007ffb6654d000 	C:\WINDOWS\system32\msvcrt.dll
0x00007ffb67300000 - 0x00007ffb6735b000 	C:\WINDOWS\system32\sechost.dll
0x00007ffb670d0000 - 0x00007ffb671ec000 	C:\WINDOWS\system32\RPCRT4.dll
0x00007ffb68920000 - 0x00007ffb68a76000 	C:\WINDOWS\system32\USER32.dll
0x00007ffb66320000 - 0x00007ffb664a6000 	C:\WINDOWS\system32\GDI32.dll
0x00007ffb59c10000 - 0x00007ffb59e84000 	C:\WINDOWS\WinSxS\amd64_microsoft.windows.common-controls_6595b64144ccf1df_6.0.10586.589_none_a2ddb3caa539acce\COMCTL32.dll
0x00007ffb669b0000 - 0x00007ffb66c2d000 	C:\WINDOWS\system32\combase.dll
0x00007ffb65660000 - 0x00007ffb656ca000 	C:\WINDOWS\system32\bcryptPrimitives.dll
0x00007ffb65f90000 - 0x00007ffb65fcb000 	C:\WINDOWS\system32\IMM32.DLL
0x00000000620e0000 - 0x00000000621b2000 	C:\Program Files\Java\jdk1.8.0_60\jre\bin\msvcr100.dll
0x0000000061850000 - 0x00000000620d9000 	C:\Program Files\Java\jdk1.8.0_60\jre\bin\server\jvm.dll
0x00007ffb666b0000 - 0x00007ffb666b8000 	C:\WINDOWS\system32\PSAPI.DLL
0x00007ffb572c0000 - 0x00007ffb572c9000 	C:\WINDOWS\SYSTEM32\WSOCK32.dll
0x00007ffb662b0000 - 0x00007ffb6631b000 	C:\WINDOWS\system32\WS2_32.dll
0x00007ffb636c0000 - 0x00007ffb636e3000 	C:\WINDOWS\SYSTEM32\WINMM.dll
0x00007ffb57f00000 - 0x00007ffb57f0a000 	C:\WINDOWS\SYSTEM32\VERSION.dll
0x00007ffb632c0000 - 0x00007ffb632ec000 	C:\WINDOWS\SYSTEM32\WINMMBASE.dll
0x00007ffb65780000 - 0x00007ffb657c3000 	C:\WINDOWS\system32\cfgmgr32.dll
0x0000000061840000 - 0x000000006184f000 	C:\Program Files\Java\jdk1.8.0_60\jre\bin\verify.dll
0x0000000061810000 - 0x0000000061839000 	C:\Program Files\Java\jdk1.8.0_60\jre\bin\java.dll
0x00000000617f0000 - 0x0000000061806000 	C:\Program Files\Java\jdk1.8.0_60\jre\bin\zip.dll
0x00007ffb67360000 - 0x00007ffb688bc000 	C:\WINDOWS\system32\SHELL32.dll
0x00007ffb657d0000 - 0x00007ffb65e15000 	C:\WINDOWS\system32\windows.storage.dll
0x00007ffb66c30000 - 0x00007ffb66c82000 	C:\WINDOWS\system32\shlwapi.dll
0x00007ffb65120000 - 0x00007ffb6512f000 	C:\WINDOWS\system32\kernel.appcore.dll
0x00007ffb65300000 - 0x00007ffb653b5000 	C:\WINDOWS\system32\shcore.dll
0x00007ffb650c0000 - 0x00007ffb6510b000 	C:\WINDOWS\system32\powrprof.dll
0x00007ffb650a0000 - 0x00007ffb650b4000 	C:\WINDOWS\system32\profapi.dll

VM Arguments:
jvm_args: -Djava.awt.headless=true -Xmx1024M -Dfile.encoding=windows-1252 -Duser.country=CO -Duser.language=es -Duser.variant 
java_command: com.android.dx.command.Main --dex --num-threads=4 --output C:\Users\gary\Downloads\Lab4FCM\app\build\intermediates\pre-dexed\release\com.android.support-design-24.2.1_018aa2017175dde8f4a50b5a88794dafe2039cb4.jar C:\Users\gary\Downloads\Lab4FCM\app\build\intermediates\exploded-aar\com.android.support\design\24.2.1\jars\classes.jar
java_class_path (initial): C:\Users\gary\AppData\Local\Android\sdk\build-tools\24.0.2\lib\dx.jar
Launcher Type: SUN_STANDARD

Environment Variables:
PATH=C:\oraclexe\app\oracle\product\11.2.0\server\bin;C:\ProgramData\Oracle\Java\javapath;C:\WINDOWS\system32;C:\WINDOWS;C:\WINDOWS\System32\Wbem;C:\WINDOWS\System32\WindowsPowerShell\v1.0\;C:\Program Files (x86)\ChucK\/bin;C:\Program Files (x86)\MySQL\MySQL Fabric 1.5 & MySQL Utilities 1.5\;C:\Program Files (x86)\MySQL\MySQL Fabric 1.5 & MySQL Utilities 1.5\Doctrine extensions for PHP\;C:\Program Files\Git\cmd;
USERNAME=gary
OS=Windows_NT
PROCESSOR_IDENTIFIER=Intel64 Family 6 Model 42 Stepping 7, GenuineIntel



---------------  S Y S T E M  ---------------

OS: Windows 10.0 , 64 bit Build 10586 (10.0.10586.589)

CPU:total 2 (2 cores per cpu, 1 threads per core) family 6 model 42 stepping 7, cmov, cx8, fxsr, mmx, sse, sse2, sse3, ssse3, sse4.1, sse4.2, popcnt, clmul, tsc, tscinvbit

Memory: 4k page, physical 5983780k(748340k free), swap 8681884k(3208k free)

vm_info: Java HotSpot(TM) 64-Bit Server VM (25.60-b23) for windows-amd64 JRE (1.8.0_60-b27), built on Aug  4 2015 11:06:27 by "java_re" with MS VC++ 10.0 (VS2010)

time: Tue Oct 18 11:34:53 2016
elapsed time: 8 seconds (0d 0h 0m 8s)

